\BOOKMARK [0][-]{chapter.1}{\376\377\000I\000n\000t\000r\000o\000d\000u\000c\000c\000i\000\363\000n}{}% 1
\BOOKMARK [1][-]{section.1.1}{\376\377\000M\000o\000t\000i\000v\000a\000c\000i\000\363\000n}{chapter.1}% 2
\BOOKMARK [1][-]{section.1.2}{\376\377\000O\000b\000j\000e\000t\000i\000v\000o\000s}{chapter.1}% 3
\BOOKMARK [1][-]{section.1.3}{\376\377\000P\000r\000i\000n\000c\000i\000p\000a\000l\000e\000s\000\040\000a\000p\000o\000r\000t\000a\000c\000i\000o\000n\000e\000s}{chapter.1}% 4
\BOOKMARK [2][-]{subsection.1.3.1}{\376\377\000S\000o\000c\000i\000a\000l}{section.1.3}% 5
\BOOKMARK [2][-]{subsection.1.3.2}{\376\377\000T\000\351\000c\000n\000i\000c\000o}{section.1.3}% 6
\BOOKMARK [1][-]{section.1.4}{\376\377\000C\000o\000m\000p\000e\000t\000e\000n\000c\000i\000a\000s\000\040\000e\000s\000p\000e\000c\000\355\000f\000i\000c\000a\000s}{chapter.1}% 7
\BOOKMARK [2][-]{subsection.1.4.1}{\376\377\000C\000o\000m\000p\000e\000t\000e\000n\000c\000i\000a\000s\000\040\000c\000o\000m\000u\000n\000e\000s\000\040\000a\000\040\000l\000a\000\040\000r\000a\000m\000a\000\040\000i\000n\000f\000o\000r\000m\000\341\000t\000i\000c\000a}{section.1.4}% 8
\BOOKMARK [2][-]{subsection.1.4.2}{\376\377\000C\000o\000m\000p\000e\000t\000e\000n\000c\000i\000a\000s\000\040\000d\000e\000\040\000t\000e\000c\000n\000o\000l\000o\000g\000\355\000a\000\040\000e\000s\000p\000e\000c\000\355\000f\000i\000c\000a}{section.1.4}% 9
\BOOKMARK [2][-]{subsection.1.4.3}{\376\377\000C\000o\000m\000p\000e\000t\000e\000n\000c\000i\000a\000\040\000d\000e\000\040\000t\000r\000a\000b\000a\000j\000o\000\040\000d\000e\000\040\000f\000i\000n\000\040\000d\000e\000\040\000g\000r\000a\000d\000o}{section.1.4}% 10
\BOOKMARK [1][-]{section.1.5}{\376\377\000A\000l\000i\000n\000e\000a\000m\000i\000e\000n\000t\000o\000\040\000c\000o\000n\000\040\000l\000o\000s\000\040\000o\000b\000j\000e\000t\000i\000v\000o\000s\000\040\000d\000e\000\040\000d\000e\000s\000a\000r\000r\000o\000l\000l\000o\000\040\000s\000o\000s\000t\000e\000n\000i\000b\000l\000e}{chapter.1}% 11
\BOOKMARK [1][-]{section.1.6}{\376\377\000E\000s\000t\000r\000u\000c\000t\000u\000r\000a\000\040\000d\000e\000l\000\040\000d\000o\000c\000u\000m\000e\000n\000t\000o}{chapter.1}% 12
\BOOKMARK [0][-]{chapter.2}{\376\377\000N\000o\000r\000m\000a\000t\000i\000v\000a\000\040\000y\000\040\000l\000e\000g\000i\000s\000l\000a\000c\000i\000\363\000n}{}% 13
\BOOKMARK [1][-]{section.2.1}{\376\377\000L\000i\000c\000e\000n\000c\000i\000a\000s\000\040\000S\000o\000f\000t\000w\000a\000r\000e}{chapter.2}% 14
\BOOKMARK [2][-]{subsection.2.1.1}{\376\377\000L\000i\000c\000e\000n\000c\000i\000a\000\040\000M\000I\000T\000\040\000-\000\040\000M\000a\000s\000s\000a\000c\000h\000u\000s\000e\000t\000t\000s\000\040\000I\000n\000s\000t\000i\000t\000u\000t\000e\000\040\000o\000f\000\040\000T\000e\000c\000h\000n\000o\000l\000o\000g\000y}{section.2.1}% 15
\BOOKMARK [2][-]{subsection.2.1.2}{\376\377\000L\000i\000c\000e\000n\000c\000i\000a\000\040\000G\000P\000L\000v\0002\000\040\000-\000\040\000G\000e\000n\000e\000r\000a\000l\000\040\000P\000u\000b\000l\000i\000c\000\040\000L\000i\000c\000e\000n\000s\000e\000\040\000v\000e\000r\000s\000i\000o\000n\000\040\0002}{section.2.1}% 16
\BOOKMARK [2][-]{subsection.2.1.3}{\376\377\000L\000i\000c\000e\000n\000c\000i\000a\000\040\000L\000P\000P\000L\000\040\000-\000\040\000L\000a\000T\000e\000x\000\040\000P\000r\000o\000j\000e\000c\000t\000\040\000P\000u\000b\000l\000i\000c\000\040\000L\000i\000c\000e\000n\000s\000e}{section.2.1}% 17
\BOOKMARK [2][-]{subsection.2.1.4}{\376\377\000L\000i\000c\000e\000n\000c\000i\000a\000\040\000A\000p\000a\000c\000h\000e}{section.2.1}% 18
\BOOKMARK [2][-]{subsection.2.1.5}{\376\377\000L\000i\000c\000e\000n\000c\000i\000a\000\040\000E\000U\000L\000A\000\040\000-\000\040\000E\000n\000d\000\040\000U\000s\000e\000r\000\040\000L\000i\000c\000e\000n\000s\000e\000\040\000A\000g\000r\000e\000e\000m\000e\000n\000t}{section.2.1}% 19
\BOOKMARK [2][-]{subsection.2.1.6}{\376\377\000L\000i\000c\000e\000n\000c\000i\000a\000s\000\040\000C\000o\000m\000e\000r\000c\000i\000a\000l\000e\000s}{section.2.1}% 20
\BOOKMARK [1][-]{section.2.2}{\376\377\000L\000e\000g\000i\000s\000l\000a\000c\000i\000\363\000n}{chapter.2}% 21
\BOOKMARK [2][-]{subsection.2.2.1}{\376\377\000R\000e\000g\000l\000a\000m\000e\000n\000t\000o\000\040\000G\000e\000n\000e\000r\000a\000l\000\040\000d\000e\000\040\000P\000r\000o\000t\000e\000c\000c\000i\000\363\000n\000\040\000d\000e\000\040\000D\000a\000t\000o\000s\000\040\000-\000\040\000R\000G\000P\000D}{section.2.2}% 22
\BOOKMARK [2][-]{subsection.2.2.2}{\376\377\000L\000e\000y\000\040\000O\000r\000g\000\341\000n\000i\000c\000a\000\040\000d\000e\000\040\000P\000r\000o\000t\000e\000c\000c\000i\000\363\000n\000\040\000d\000e\000\040\000D\000a\000t\000o\000s\000\040\000y\000\040\000G\000a\000r\000a\000n\000t\000\355\000a\000\040\000d\000e\000\040\000D\000e\000r\000e\000c\000h\000o\000s\000\040\000D\000i\000g\000i\000t\000a\000l\000e\000s\000\040\000-\000\040\000L\000O\000P\000D\000G\000D\000D}{section.2.2}% 23
\BOOKMARK [0][-]{chapter.3}{\376\377\000T\000e\000c\000n\000o\000l\000o\000g\000\355\000a\000s\000\040\000y\000\040\000h\000e\000r\000r\000a\000m\000i\000e\000n\000t\000a\000s\000\040\000u\000t\000i\000l\000i\000z\000a\000d\000a\000s}{}% 24
\BOOKMARK [0][-]{chapter.4}{\376\377\000M\000e\000t\000o\000d\000o\000l\000o\000g\000\355\000a\000\040\000y\000\040\000p\000l\000a\000n\000i\000f\000i\000c\000a\000c\000i\000\363\000n}{}% 25
\BOOKMARK [1][-]{section.4.1}{\376\377\000M\000e\000t\000o\000d\000o\000l\000o\000g\000\355\000a}{chapter.4}% 26
\BOOKMARK [1][-]{section.4.2}{\376\377\000P\000l\000a\000n\000i\000f\000i\000c\000a\000c\000i\000\363\000n}{chapter.4}% 27
\BOOKMARK [0][-]{chapter.5}{\376\377\000E\000s\000t\000a\000d\000o\000\040\000d\000e\000l\000\040\000A\000r\000t\000e}{}% 28
\BOOKMARK [1][-]{section.5.1}{\376\377\000F\000u\000n\000d\000a\000m\000e\000n\000t\000o\000s\000\040\000m\000u\000s\000i\000c\000a\000l\000e\000s}{chapter.5}% 29
\BOOKMARK [2][-]{subsection.5.1.1}{\376\377\000C\000o\000n\000c\000e\000p\000t\000o\000s\000\040\000b\000\341\000s\000i\000c\000o\000s}{section.5.1}% 30
\BOOKMARK [2][-]{subsection.5.1.2}{\376\377\000I\000n\000s\000t\000r\000u\000m\000e\000n\000t\000o\000s\000\040\000d\000e\000\040\000c\000u\000e\000r\000d\000a\000\040\000p\000u\000l\000s\000a\000d\000a}{section.5.1}% 31
\BOOKMARK [2][-]{subsection.5.1.3}{\376\377\000P\000a\000r\000t\000i\000c\000u\000l\000a\000r\000i\000d\000a\000d\000e\000s\000\040\000d\000e\000l\000\040\000t\000i\000m\000p\000l\000e}{section.5.1}% 32
\BOOKMARK [1][-]{section.5.2}{\376\377\000E\000s\000t\000a\000d\000o\000\040\000A\000c\000t\000u\000a\000l}{chapter.5}% 33
\BOOKMARK [1][-]{section.5.3}{\376\377\000A\000n\000\341\000l\000i\000s\000i\000s\000\040\000d\000e\000\040\000a\000p\000l\000i\000c\000a\000c\000i\000o\000n\000e\000s\000\040\000w\000e\000b}{chapter.5}% 34
\BOOKMARK [2][-]{subsection.5.3.1}{\376\377\000U\000k\000u\000l\000e\000l\000e\000\040\000T\000a\000b\000s}{section.5.3}% 35
\BOOKMARK [2][-]{subsection.5.3.2}{\376\377\000U\000k\000u\000T\000a\000b\000s}{section.5.3}% 36
\BOOKMARK [2][-]{subsection.5.3.3}{\376\377\000U\000l\000t\000i\000m\000a\000t\000e\000\040\000G\000u\000i\000t\000a\000r}{section.5.3}% 37
\BOOKMARK [2][-]{subsection.5.3.4}{\376\377\000L\000a\000C\000u\000e\000r\000d\000a}{section.5.3}% 38
\BOOKMARK [1][-]{section.5.4}{\376\377\000C\000o\000m\000p\000a\000r\000a\000c\000i\000\363\000n\000\040\000d\000e\000\040\000a\000p\000l\000i\000c\000a\000c\000i\000o\000n\000e\000s\000\040\000w\000e\000b}{chapter.5}% 39
\BOOKMARK [1][-]{section.5.5}{\376\377\000A\000l\000c\000a\000n\000c\000e\000\040\000d\000e\000l\000\040\000p\000r\000o\000y\000e\000c\000t\000o}{chapter.5}% 40
\BOOKMARK [0][-]{chapter.6}{\376\377\000D\000e\000s\000a\000r\000r\000o\000l\000l\000o}{}% 41
\BOOKMARK [1][-]{section.6.1}{\376\377\000I\000n\000c\000r\000e\000m\000e\000n\000t\000o\000\040\0001}{chapter.6}% 42
\BOOKMARK [2][-]{subsection.6.1.1}{\376\377\000A\000n\000\341\000l\000i\000s\000i\000s}{section.6.1}% 43
\BOOKMARK [2][-]{subsection.6.1.2}{\376\377\000D\000i\000s\000e\000\361\000o}{section.6.1}% 44
\BOOKMARK [2][-]{subsection.6.1.3}{\376\377\000D\000e\000s\000a\000r\000r\000o\000l\000l\000o}{section.6.1}% 45
\BOOKMARK [1][-]{section.6.2}{\376\377\000I\000n\000c\000r\000e\000m\000e\000n\000t\000o\000\040\0002}{chapter.6}% 46
\BOOKMARK [2][-]{subsection.6.2.1}{\376\377\000A\000n\000\341\000l\000i\000s\000i\000s}{section.6.2}% 47
\BOOKMARK [2][-]{subsection.6.2.2}{\376\377\000D\000i\000s\000e\000\361\000o}{section.6.2}% 48
\BOOKMARK [2][-]{subsection.6.2.3}{\376\377\000D\000e\000s\000a\000r\000r\000o\000l\000l\000o}{section.6.2}% 49
\BOOKMARK [1][-]{section.6.3}{\376\377\000I\000n\000c\000r\000e\000m\000e\000n\000t\000o\000\040\0003}{chapter.6}% 50
\BOOKMARK [2][-]{subsection.6.3.1}{\376\377\000A\000n\000\341\000l\000i\000s\000i\000s}{section.6.3}% 51
\BOOKMARK [2][-]{subsection.6.3.2}{\376\377\000D\000i\000s\000e\000\361\000o}{section.6.3}% 52
\BOOKMARK [2][-]{subsection.6.3.3}{\376\377\000D\000i\000s\000e\000\361\000o\000\040\000d\000e\000\040\000d\000a\000t\000o\000s}{section.6.3}% 53
\BOOKMARK [2][-]{subsection.6.3.4}{\376\377\000D\000i\000s\000e\000\361\000o\000\040\000d\000e\000\040\000i\000n\000t\000e\000r\000f\000a\000z}{section.6.3}% 54
\BOOKMARK [2][-]{subsection.6.3.5}{\376\377\000D\000e\000s\000a\000r\000r\000o\000l\000l\000o}{section.6.3}% 55
\BOOKMARK [0][-]{chapter.7}{\376\377\000R\000e\000s\000u\000l\000t\000a\000d\000o\000s}{}% 56
\BOOKMARK [1][-]{section.7.1}{\376\377\000O\000b\000j\000e\000t\000i\000v\000o\000s\000\040\000c\000u\000m\000p\000l\000i\000d\000o\000s}{chapter.7}% 57
\BOOKMARK [1][-]{section.7.2}{\376\377\000A\000j\000u\000s\000t\000e\000\040\000a\000\040\000p\000l\000a\000n\000i\000f\000i\000c\000a\000c\000i\000\363\000n}{chapter.7}% 58
\BOOKMARK [1][-]{section.7.3}{\376\377\000A\000p\000l\000i\000c\000a\000c\000i\000\363\000n\000\040\000W\000e\000b}{chapter.7}% 59
\BOOKMARK [0][-]{chapter.8}{\376\377\000M\000a\000n\000u\000a\000l\000\040\000d\000e\000\040\000u\000s\000u\000a\000r\000i\000o}{}% 60
\BOOKMARK [0][-]{chapter.9}{\376\377\000C\000o\000n\000c\000l\000u\000s\000i\000o\000n\000e\000s}{}% 61
