This is pdfTeX, Version 3.141592653-2.6-1.40.27 (TeX Live 2025) (preloaded format=pdflatex 2025.10.29)  7 MAR 2026 17:53
entering extended mode
 restricted \write18 enabled.
 file:line:error style messages enabled.
 %&-line parsing enabled.
**/Users/chamil/Documents/tfg_memoria/main.tex
(/Users/chamil/Documents/tfg_memoria/main.tex
LaTeX2e <2024-11-01> patch level 2
L3 programming layer <2025-01-18>
(/usr/local/texlive/2025/texmf-dist/tex/latex/base/book.cls
Document Class: book 2024/06/29 v1.4n Standard LaTeX document class
(/usr/local/texlive/2025/texmf-dist/tex/latex/base/bk12.clo
File: bk12.clo 2024/06/29 v1.4n Standard LaTeX file (size option)
)
\c@part=\count196
\c@chapter=\count197
\c@section=\count198
\c@subsection=\count199
\c@subsubsection=\count266
\c@paragraph=\count267
\c@subparagraph=\count268
\c@figure=\count269
\c@table=\count270
\abovecaptionskip=\skip49
\belowcaptionskip=\skip50
\bibindent=\dimen141
) (/usr/local/texlive/2025/texmf-dist/tex/latex/base/inputenc.sty
Package: inputenc 2024/02/08 v1.3d Input encoding file
\inpenc@prehook=\toks17
\inpenc@posthook=\toks18
) (/usr/local/texlive/2025/texmf-dist/tex/latex/standalone/standalone.sty
Package: standalone 2025/02/22 v1.5a Package to include TeX sub-files with preambles
 (/usr/local/texlive/2025/texmf-dist/tex/latex/tools/shellesc.sty
Package: shellesc 2023/07/08 v1.0d unified shell escape interface for LaTeX
Package shellesc Info: Restricted shell escape enabled on input line 77.
) (/usr/local/texlive/2025/texmf-dist/tex/generic/iftex/ifluatex.sty
Package: ifluatex 2019/10/25 v1.5 ifluatex legacy package. Use iftex instead.
 (/usr/local/texlive/2025/texmf-dist/tex/generic/iftex/iftex.sty
Package: iftex 2024/12/12 v1.0g TeX engine tests
)) (/usr/local/texlive/2025/texmf-dist/tex/latex/xkeyval/xkeyval.sty
Package: xkeyval 2022/06/16 v2.9 package option processing (HA)
 (/usr/local/texlive/2025/texmf-dist/tex/generic/xkeyval/xkeyval.tex (/usr/local/texlive/2025/texmf-dist/tex/generic/xkeyval/xkvutils.tex
\XKV@toks=\toks19
\XKV@tempa@toks=\toks20
 (/usr/local/texlive/2025/texmf-dist/tex/generic/xkeyval/keyval.tex))
\XKV@depth=\count271
File: xkeyval.tex 2014/12/03 v2.7a key=value parser (HA)
)) (/usr/local/texlive/2025/texmf-dist/tex/latex/currfile/currfile.sty
Package: currfile 2024/03/14 v1.0 Provides the file path elements of the current input file
 (/usr/local/texlive/2025/texmf-dist/tex/latex/kvoptions/kvoptions.sty
Package: kvoptions 2022-06-15 v3.15 Key value format for package options (HO)
 (/usr/local/texlive/2025/texmf-dist/tex/generic/ltxcmds/ltxcmds.sty
Package: ltxcmds 2023-12-04 v1.26 LaTeX kernel commands for general use (HO)
) (/usr/local/texlive/2025/texmf-dist/tex/latex/kvsetkeys/kvsetkeys.sty
Package: kvsetkeys 2022-10-05 v1.19 Key value parser (HO)
)) (/usr/local/texlive/2025/texmf-dist/tex/latex/filehook/filehook.sty
Package: filehook 2022/10/25 v0.8b Hooks for input files
 (/usr/local/texlive/2025/texmf-dist/tex/latex/filehook/filehook-2020.sty
Package: filehook-2020 2022/10/25 v0.8b Hooks for input files
))
\c@currfiledepth=\count272
) (/usr/local/texlive/2025/texmf-dist/tex/latex/gincltex/gincltex.sty (/usr/local/texlive/2025/texmf-dist/tex/latex/svn-prov/svn-prov.sty
Package: svn-prov 2010/04/24 v3.1862 Package Date/Version from SVN Keywords
)
Package: gincltex 2011/09/04 v0.3 Include external LaTeX files like graphics
 (/usr/local/texlive/2025/texmf-dist/tex/latex/adjustbox/adjustbox.sty
Package: adjustbox 2025/02/26 v1.3c Adjusting TeX boxes (trim, clip, ...)
 (/usr/local/texlive/2025/texmf-dist/tex/latex/adjustbox/adjcalc.sty
Package: adjcalc 2012/05/16 v1.1 Provides advanced setlength with multiple back-ends (calc, etex, pgfmath)
) (/usr/local/texlive/2025/texmf-dist/tex/latex/adjustbox/trimclip.sty
Package: trimclip 2025/02/21 v1.2a Trim and clip general TeX material
 (/usr/local/texlive/2025/texmf-dist/tex/latex/graphics/graphicx.sty
Package: graphicx 2021/09/16 v1.2d Enhanced LaTeX Graphics (DPC,SPQR)
 (/usr/local/texlive/2025/texmf-dist/tex/latex/graphics/graphics.sty
Package: graphics 2024/08/06 v1.4g Standard LaTeX Graphics (DPC,SPQR)
 (/usr/local/texlive/2025/texmf-dist/tex/latex/graphics/trig.sty
Package: trig 2023/12/02 v1.11 sin cos tan (DPC)
) (/usr/local/texlive/2025/texmf-dist/tex/latex/graphics-cfg/graphics.cfg
File: graphics.cfg 2016/06/04 v1.11 sample graphics configuration
)
Package graphics Info: Driver file: pdftex.def on input line 106.
 (/usr/local/texlive/2025/texmf-dist/tex/latex/graphics-def/pdftex.def
File: pdftex.def 2024/04/13 v1.2c Graphics/color driver for pdftex
))
\Gin@req@height=\dimen142
\Gin@req@width=\dimen143
) (/usr/local/texlive/2025/texmf-dist/tex/latex/collectbox/collectbox.sty
Package: collectbox 2022/10/17 v0.4c Collect macro arguments as boxes
\collectedbox=\box52
)
\tc@llx=\dimen144
\tc@lly=\dimen145
\tc@urx=\dimen146
\tc@ury=\dimen147
Package trimclip Info: Using driver 'tc-pdftex.def'.
 (/usr/local/texlive/2025/texmf-dist/tex/latex/adjustbox/tc-pdftex.def
File: tc-pdftex.def 2025/02/26 v2.3 Clipping driver for pdftex
))
\adjbox@Width=\dimen148
\adjbox@Height=\dimen149
\adjbox@Depth=\dimen150
\adjbox@Totalheight=\dimen151
\adjbox@pwidth=\dimen152
\adjbox@pheight=\dimen153
\adjbox@pdepth=\dimen154
\adjbox@ptotalheight=\dimen155
 (/usr/local/texlive/2025/texmf-dist/tex/latex/ifoddpage/ifoddpage.sty
Package: ifoddpage 2022/10/18 v1.2 Conditionals for odd/even page detection
\c@checkoddpage=\count273
) (/usr/local/texlive/2025/texmf-dist/tex/latex/varwidth/varwidth.sty
Package: varwidth 2009/03/30 ver 0.92;  Variable-width minipages
\@vwid@box=\box53
\sift@deathcycles=\count274
\@vwid@loff=\dimen156
\@vwid@roff=\dimen157
))
\gincltex@box=\box54
) (/usr/local/texlive/2025/texmf-dist/tex/latex/filemod/filemod-expmin.sty
Package: filemod-expmin 2011/09/19 v1.2 Get and compare file modification times (expandable; minimal)
)) (/usr/local/texlive/2025/texmf-dist/tex/latex/geometry/geometry.sty
Package: geometry 2020/01/02 v5.9 Page Geometry
 (/usr/local/texlive/2025/texmf-dist/tex/generic/iftex/ifvtex.sty
Package: ifvtex 2019/10/25 v1.7 ifvtex legacy package. Use iftex instead.
)
\Gm@cnth=\count275
\Gm@cntv=\count276
\c@Gm@tempcnt=\count277
\Gm@bindingoffset=\dimen158
\Gm@wd@mp=\dimen159
\Gm@odd@mp=\dimen160
\Gm@even@mp=\dimen161
\Gm@layoutwidth=\dimen162
\Gm@layoutheight=\dimen163
\Gm@layouthoffset=\dimen164
\Gm@layoutvoffset=\dimen165
\Gm@dimlist=\toks21
) (/usr/local/texlive/2025/texmf-dist/tex/latex/hyperref/hyperref.sty
Package: hyperref 2024-11-05 v7.01l Hypertext links for LaTeX
 (/usr/local/texlive/2025/texmf-dist/tex/generic/kvdefinekeys/kvdefinekeys.sty
Package: kvdefinekeys 2019-12-19 v1.6 Define keys (HO)
) (/usr/local/texlive/2025/texmf-dist/tex/generic/pdfescape/pdfescape.sty
Package: pdfescape 2019/12/09 v1.15 Implements pdfTeX's escape features (HO)
 (/usr/local/texlive/2025/texmf-dist/tex/generic/pdftexcmds/pdftexcmds.sty
Package: pdftexcmds 2020-06-27 v0.33 Utility functions of pdfTeX for LuaTeX (HO)
 (/usr/local/texlive/2025/texmf-dist/tex/generic/infwarerr/infwarerr.sty
Package: infwarerr 2019/12/03 v1.5 Providing info/warning/error messages (HO)
)
Package pdftexcmds Info: \pdf@primitive is available.
Package pdftexcmds Info: \pdf@ifprimitive is available.
Package pdftexcmds Info: \pdfdraftmode found.
)) (/usr/local/texlive/2025/texmf-dist/tex/latex/hycolor/hycolor.sty
Package: hycolor 2020-01-27 v1.10 Color options for hyperref/bookmark (HO)
) (/usr/local/texlive/2025/texmf-dist/tex/latex/hyperref/nameref.sty
Package: nameref 2023-11-26 v2.56 Cross-referencing by name of section
 (/usr/local/texlive/2025/texmf-dist/tex/latex/refcount/refcount.sty
Package: refcount 2019/12/15 v3.6 Data extraction from label references (HO)
) (/usr/local/texlive/2025/texmf-dist/tex/generic/gettitlestring/gettitlestring.sty
Package: gettitlestring 2019/12/15 v1.6 Cleanup title references (HO)
)
\c@section@level=\count278
) (/usr/local/texlive/2025/texmf-dist/tex/latex/etoolbox/etoolbox.sty
Package: etoolbox 2025/02/11 v2.5l e-TeX tools for LaTeX (JAW)
\etb@tempcnta=\count279
) (/usr/local/texlive/2025/texmf-dist/tex/generic/stringenc/stringenc.sty
Package: stringenc 2019/11/29 v1.12 Convert strings between diff. encodings (HO)
)
\@linkdim=\dimen166
\Hy@linkcounter=\count280
\Hy@pagecounter=\count281
 (/usr/local/texlive/2025/texmf-dist/tex/latex/hyperref/pd1enc.def
File: pd1enc.def 2024-11-05 v7.01l Hyperref: PDFDocEncoding definition (HO)
Now handling font encoding PD1 ...
... no UTF-8 mapping file for font encoding PD1
) (/usr/local/texlive/2025/texmf-dist/tex/generic/intcalc/intcalc.sty
Package: intcalc 2019/12/15 v1.3 Expandable calculations with integers (HO)
)
\Hy@SavedSpaceFactor=\count282
 (/usr/local/texlive/2025/texmf-dist/tex/latex/hyperref/puenc.def
File: puenc.def 2024-11-05 v7.01l Hyperref: PDF Unicode definition (HO)
Now handling font encoding PU ...
... no UTF-8 mapping file for font encoding PU
)
Package hyperref Info: Hyper figures OFF on input line 4157.
Package hyperref Info: Link nesting OFF on input line 4162.
Package hyperref Info: Hyper index ON on input line 4165.
Package hyperref Info: Plain pages OFF on input line 4172.
Package hyperref Info: Backreferencing OFF on input line 4177.
Package hyperref Info: Implicit mode ON; LaTeX internals redefined.
Package hyperref Info: Bookmarks ON on input line 4424.
\c@Hy@tempcnt=\count283
 (/usr/local/texlive/2025/texmf-dist/tex/latex/url/url.sty
\Urlmuskip=\muskip17
Package: url 2013/09/16  ver 3.4  Verb mode for urls, etc.
)
LaTeX Info: Redefining \url on input line 4763.
\XeTeXLinkMargin=\dimen167
 (/usr/local/texlive/2025/texmf-dist/tex/generic/bitset/bitset.sty
Package: bitset 2019/12/09 v1.3 Handle bit-vector datatype (HO)
 (/usr/local/texlive/2025/texmf-dist/tex/generic/bigintcalc/bigintcalc.sty
Package: bigintcalc 2019/12/15 v1.5 Expandable calculations on big integers (HO)
))
\Fld@menulength=\count284
\Field@Width=\dimen168
\Fld@charsize=\dimen169
Package hyperref Info: Hyper figures OFF on input line 6042.
Package hyperref Info: Link nesting OFF on input line 6047.
Package hyperref Info: Hyper index ON on input line 6050.
Package hyperref Info: backreferencing OFF on input line 6057.
Package hyperref Info: Link coloring OFF on input line 6062.
Package hyperref Info: Link coloring with OCG OFF on input line 6067.
Package hyperref Info: PDF/A mode OFF on input line 6072.
 (/usr/local/texlive/2025/texmf-dist/tex/latex/base/atbegshi-ltx.sty
Package: atbegshi-ltx 2021/01/10 v1.0c Emulation of the original atbegshi
package with kernel methods
)
\Hy@abspage=\count285
\c@Item=\count286
\c@Hfootnote=\count287
)
Package hyperref Info: Driver (autodetected): hpdftex.
 (/usr/local/texlive/2025/texmf-dist/tex/latex/hyperref/hpdftex.def
File: hpdftex.def 2024-11-05 v7.01l Hyperref driver for pdfTeX
 (/usr/local/texlive/2025/texmf-dist/tex/latex/base/atveryend-ltx.sty
Package: atveryend-ltx 2020/08/19 v1.0a Emulation of the original atveryend package
with kernel methods
)
\Fld@listcount=\count288
\c@bookmark@seq@number=\count289
 (/usr/local/texlive/2025/texmf-dist/tex/latex/rerunfilecheck/rerunfilecheck.sty
Package: rerunfilecheck 2022-07-10 v1.10 Rerun checks for auxiliary files (HO)
 (/usr/local/texlive/2025/texmf-dist/tex/generic/uniquecounter/uniquecounter.sty
Package: uniquecounter 2019/12/15 v1.4 Provide unlimited unique counter (HO)
)
Package uniquecounter Info: New unique counter `rerunfilecheck' on input line 285.
)
\Hy@SectionHShift=\skip51
) (/usr/local/texlive/2025/texmf-dist/tex/latex/lm/lmodern.sty
Package: lmodern 2015/05/01 v1.6.1 Latin Modern Fonts
LaTeX Font Info:    Overwriting symbol font `operators' in version `normal'
(Font)                  OT1/cmr/m/n --> OT1/lmr/m/n on input line 22.
LaTeX Font Info:    Overwriting symbol font `letters' in version `normal'
(Font)                  OML/cmm/m/it --> OML/lmm/m/it on input line 23.
LaTeX Font Info:    Overwriting symbol font `symbols' in version `normal'
(Font)                  OMS/cmsy/m/n --> OMS/lmsy/m/n on input line 24.
LaTeX Font Info:    Overwriting symbol font `largesymbols' in version `normal'
(Font)                  OMX/cmex/m/n --> OMX/lmex/m/n on input line 25.
LaTeX Font Info:    Overwriting symbol font `operators' in version `bold'
(Font)                  OT1/cmr/bx/n --> OT1/lmr/bx/n on input line 26.
LaTeX Font Info:    Overwriting symbol font `letters' in version `bold'
(Font)                  OML/cmm/b/it --> OML/lmm/b/it on input line 27.
LaTeX Font Info:    Overwriting symbol font `symbols' in version `bold'
(Font)                  OMS/cmsy/b/n --> OMS/lmsy/b/n on input line 28.
LaTeX Font Info:    Overwriting symbol font `largesymbols' in version `bold'
(Font)                  OMX/cmex/m/n --> OMX/lmex/m/n on input line 29.
LaTeX Font Info:    Overwriting math alphabet `\mathbf' in version `normal'
(Font)                  OT1/cmr/bx/n --> OT1/lmr/bx/n on input line 31.
LaTeX Font Info:    Overwriting math alphabet `\mathsf' in version `normal'
(Font)                  OT1/cmss/m/n --> OT1/lmss/m/n on input line 32.
LaTeX Font Info:    Overwriting math alphabet `\mathit' in version `normal'
(Font)                  OT1/cmr/m/it --> OT1/lmr/m/it on input line 33.
LaTeX Font Info:    Overwriting math alphabet `\mathtt' in version `normal'
(Font)                  OT1/cmtt/m/n --> OT1/lmtt/m/n on input line 34.
LaTeX Font Info:    Overwriting math alphabet `\mathbf' in version `bold'
(Font)                  OT1/cmr/bx/n --> OT1/lmr/bx/n on input line 35.
LaTeX Font Info:    Overwriting math alphabet `\mathsf' in version `bold'
(Font)                  OT1/cmss/bx/n --> OT1/lmss/bx/n on input line 36.
LaTeX Font Info:    Overwriting math alphabet `\mathit' in version `bold'
(Font)                  OT1/cmr/bx/it --> OT1/lmr/bx/it on input line 37.
LaTeX Font Info:    Overwriting math alphabet `\mathtt' in version `bold'
(Font)                  OT1/cmtt/m/n --> OT1/lmtt/m/n on input line 38.
) (/usr/local/texlive/2025/texmf-dist/tex/latex/float/float.sty
Package: float 2001/11/08 v1.3d Float enhancements (AL)
\c@float@type=\count290
\float@exts=\toks22
\float@box=\box55
\@float@everytoks=\toks23
\@floatcapt=\box56
) (/usr/local/texlive/2025/texmf-dist/tex/generic/babel/babel.sty
Package: babel 2025/02/14 v25.4 The multilingual framework for pdfLaTeX, LuaLaTeX and XeLaTeX
\babel@savecnt=\count291
\U@D=\dimen170
\l@unhyphenated=\language90
 (/usr/local/texlive/2025/texmf-dist/tex/generic/babel/txtbabel.def)
\bbl@readstream=\read2
\bbl@dirlevel=\count292
 (/usr/local/texlive/2025/texmf-dist/tex/generic/babel-spanish/spanish.ldf
Language: spanish.ldf 2021/05/27 v5.0q Spanish support from the babel system
\es@quottoks=\toks24
\es@quotdepth=\count293
Package babel Info: Making " an active character on input line 570.
Package babel Info: Making . an active character on input line 675.
Package babel Info: Making < an active character on input line 722.
Package babel Info: Making > an active character on input line 722.
)) (/usr/local/texlive/2025/texmf-dist/tex/generic/babel/locale/es/babel-spanish.tex
Package babel Info: Importing font and identification data for spanish
(babel)             from babel-es.ini. Reported on input line 11.
) (/usr/local/texlive/2025/texmf-dist/tex/latex/csquotes/csquotes.sty
Package: csquotes 2024-04-04 v5.2o context-sensitive quotations (JAW)
\csq@reset=\count294
\csq@gtype=\count295
\csq@glevel=\count296
\csq@qlevel=\count297
\csq@maxlvl=\count298
\csq@tshold=\count299
\csq@ltx@everypar=\toks25
 (/usr/local/texlive/2025/texmf-dist/tex/latex/csquotes/csquotes.def
File: csquotes.def 2024-04-04 v5.2o csquotes generic definitions (JAW)
)
Package csquotes Info: Trying to load configuration file 'csquotes.cfg'...
Package csquotes Info: ... configuration file loaded successfully.
 (/usr/local/texlive/2025/texmf-dist/tex/latex/csquotes/csquotes.cfg
File: csquotes.cfg 
)) (/usr/local/texlive/2025/texmf-dist/tex/latex/caption/caption.sty
Package: caption 2023/08/05 v3.6o Customizing captions (AR)
 (/usr/local/texlive/2025/texmf-dist/tex/latex/caption/caption3.sty
Package: caption3 2023/07/31 v2.4d caption3 kernel (AR)
\caption@tempdima=\dimen171
\captionmargin=\dimen172
\caption@leftmargin=\dimen173
\caption@rightmargin=\dimen174
\caption@width=\dimen175
\caption@indent=\dimen176
\caption@parindent=\dimen177
\caption@hangindent=\dimen178
Package caption Info: Standard document class detected.
)
Package caption Info: Option `figurename' requires the `newfloat' package on input line 172.
 (/usr/local/texlive/2025/texmf-dist/tex/latex/newfloat/newfloat.sty
Package: newfloat 2023/10/01 v1.2 Defining new floating environments (AR)
Package newfloat Info: Unsupported document class, or \@chapter 
(newfloat)             was already redefined by another package.
Package newfloat Info: \@chapter = macro:->\def \Hy@next {\Hy@MakeCurrentHrefAuto {\Hy@chapapp *}\Hy@raisedlink {\hyper@anchorstart {\@currentHref }\hyper@anchorend }}\ifnum \c@secnumdepth >\m@ne \@ifundefined {if@mainmatter}\iftrue {\csname if@mainmatter\endcsname }\let \Hy@next \relax \fi \fi \Hy@next \Hy@org@chapter .
Package newfloat Info: \Hy@org@chapter = macro:[#1]#2->\NR@gettitle {#1}\NR@chapter [{#1}]{#2}.
Package newfloat Info: \algocf@original@chapter = undefined.
)
\c@caption@flags=\count300
\c@continuedfloat=\count301
Package caption Info: float package is loaded.
Package caption Info: hyperref package is loaded.
) (/usr/local/texlive/2025/texmf-dist/tex/latex/natbib/natbib.sty
Package: natbib 2010/09/13 8.31b (PWD, AO)
\bibhang=\skip52
\bibsep=\skip53
LaTeX Info: Redefining \cite on input line 694.
\c@NAT@ctr=\count302
) (/usr/local/texlive/2025/texmf-dist/tex/latex/ragged2e/ragged2e.sty
Package: ragged2e 2023/06/22 v3.6 ragged2e Package
\CenteringLeftskip=\skip54
\RaggedLeftLeftskip=\skip55
\RaggedRightLeftskip=\skip56
\CenteringRightskip=\skip57
\RaggedLeftRightskip=\skip58
\RaggedRightRightskip=\skip59
\CenteringParfillskip=\skip60
\RaggedLeftParfillskip=\skip61
\RaggedRightParfillskip=\skip62
\JustifyingParfillskip=\skip63
\CenteringParindent=\skip64
\RaggedLeftParindent=\skip65
\RaggedRightParindent=\skip66
\JustifyingParindent=\skip67
) (/usr/local/texlive/2025/texmf-dist/tex/latex/tools/array.sty
Package: array 2024/10/17 v2.6g Tabular extension package (FMi)
\col@sep=\dimen179
\ar@mcellbox=\box57
\extrarowheight=\dimen180
\NC@list=\toks26
\extratabsurround=\skip68
\backup@length=\skip69
\ar@cellbox=\box58
) (/usr/local/texlive/2025/texmf-dist/tex/latex/multirow/multirow.sty
Package: multirow 2024/11/12 v2.9 Span multiple rows of a table
\multirow@colwidth=\skip70
\multirow@cntb=\count303
\multirow@dima=\skip71
\bigstrutjot=\dimen181
) (/usr/local/texlive/2025/texmf-dist/tex/latex/parskip/parskip.sty
Package: parskip 2021-03-14 v2.0h non-zero parskip adjustments
) (/usr/local/texlive/2025/texmf-dist/tex/latex/listings/listings.sty
\lst@mode=\count304
\lst@gtempboxa=\box59
\lst@token=\toks27
\lst@length=\count305
\lst@currlwidth=\dimen182
\lst@column=\count306
\lst@pos=\count307
\lst@lostspace=\dimen183
\lst@width=\dimen184
\lst@newlines=\count308
\lst@lineno=\count309
\lst@maxwidth=\dimen185
 (/usr/local/texlive/2025/texmf-dist/tex/latex/listings/lstpatch.sty
File: lstpatch.sty 2024/09/23 1.10c (Carsten Heinz)
) (/usr/local/texlive/2025/texmf-dist/tex/latex/listings/lstmisc.sty
File: lstmisc.sty 2024/09/23 1.10c (Carsten Heinz)
\c@lstnumber=\count310
\lst@skipnumbers=\count311
\lst@framebox=\box60
) (/usr/local/texlive/2025/texmf-dist/tex/latex/listings/listings.cfg
File: listings.cfg 2024/09/23 1.10c listings configuration
))
Package: listings 2024/09/23 1.10c (Carsten Heinz)
 (/usr/local/texlive/2025/texmf-dist/tex/latex/epigraph/epigraph.sty
Package: epigraph 2020/01/02 v1.5e typesetting epigraphs
 (/usr/local/texlive/2025/texmf-dist/tex/latex/nextpage/nextpage.sty
Package: nextpage 2009/09/03 v1.1a additional page commands
)
\beforeepigraphskip=\skip72
\afterepigraphskip=\skip73
\epigraphwidth=\skip74
\epigraphrule=\skip75
) (/usr/local/texlive/2025/texmf-dist/tex/latex/lipsum/lipsum.sty (/usr/local/texlive/2025/texmf-dist/tex/latex/l3packages/l3keys2e/l3keys2e.sty (/usr/local/texlive/2025/texmf-dist/tex/latex/l3kernel/expl3.sty
Package: expl3 2025-01-18 L3 programming layer (loader) 
 (/usr/local/texlive/2025/texmf-dist/tex/latex/l3backend/l3backend-pdftex.def
File: l3backend-pdftex.def 2024-05-08 L3 backend support: PDF output (pdfTeX)
\l__color_backend_stack_int=\count312
\l__pdf_internal_box=\box61
))
Package: l3keys2e 2024-08-16 LaTeX2e option processing using LaTeX3 keys
)
Package: lipsum 2021-09-20 v2.7 150 paragraphs of Lorem Ipsum dummy text
\g__lipsum_par_int=\count313
\l__lipsum_a_int=\count314
\l__lipsum_b_int=\count315
 (/usr/local/texlive/2025/texmf-dist/tex/latex/lipsum/lipsum.ltd.tex)) (/usr/local/texlive/2025/texmf-dist/tex/latex/caption/subcaption.sty
Package: subcaption 2023/07/28 v1.6b Sub-captions (AR)
Package caption Info: New subtype `subfigure' on input line 238.
\c@subfigure=\count316
Package caption Info: New subtype `subtable' on input line 238.
\c@subtable=\count317
) (/usr/local/texlive/2025/texmf-dist/tex/latex/amsfonts/amssymb.sty
Package: amssymb 2013/01/14 v3.01 AMS font symbols
 (/usr/local/texlive/2025/texmf-dist/tex/latex/amsfonts/amsfonts.sty
Package: amsfonts 2013/01/14 v3.01 Basic AMSFonts support
\@emptytoks=\toks28
\symAMSa=\mathgroup4
\symAMSb=\mathgroup5
LaTeX Font Info:    Redeclaring math symbol \hbar on input line 98.
LaTeX Font Info:    Overwriting math alphabet `\mathfrak' in version `bold'
(Font)                  U/euf/m/n --> U/euf/b/n on input line 106.
)) (/usr/local/texlive/2025/texmf-dist/tex/latex/algorithms/algorithm.sty
Package: algorithm 2009/08/24 v0.1 Document Style `algorithm' - floating environment
 (/usr/local/texlive/2025/texmf-dist/tex/latex/base/ifthen.sty
Package: ifthen 2024/03/16 v1.1e Standard LaTeX ifthen package (DPC)
)
\@float@every@algorithm=\toks29
\c@algorithm=\count318
) (/usr/local/texlive/2025/texmf-dist/tex/latex/algorithmicx/algpseudocode.sty
Package: algpseudocode 
 (/usr/local/texlive/2025/texmf-dist/tex/latex/algorithmicx/algorithmicx.sty
Package: algorithmicx 2005/04/27 v1.2 Algorithmicx

Document Style algorithmicx 1.2 - a greatly improved `algorithmic' style
\c@ALG@line=\count319
\c@ALG@rem=\count320
\c@ALG@nested=\count321
\ALG@tlm=\skip76
\ALG@thistlm=\skip77
\c@ALG@Lnr=\count322
\c@ALG@blocknr=\count323
\c@ALG@storecount=\count324
\c@ALG@tmpcounter=\count325
\ALG@tmplength=\skip78
)
Document Style - pseudocode environments for use with the `algorithmicx' style
) (/usr/local/texlive/2025/texmf-dist/tex/latex/glossaries/base/glossaries.sty
Package: glossaries 2025/03/03 v4.56 (NLCT)
 (/usr/local/texlive/2025/texmf-dist/tex/latex/mfirstuc/mfirstuc.sty
Package: mfirstuc 2022/10/14 v2.08 (NLCT)
\@glsmfirst=\toks30
\@glsmrest=\toks31
) (/usr/local/texlive/2025/texmf-dist/tex/latex/xfor/xfor.sty
Package: xfor 2009/02/05 v1.05 (NLCT)
) (/usr/local/texlive/2025/texmf-dist/tex/latex/amsmath/amsgen.sty
File: amsgen.sty 1999/11/30 v2.0 generic functions
\@emptytoks=\toks32
\ex@=\dimen186
) (/usr/local/texlive/2025/texmf-dist/tex/latex/tracklang/tracklang.sty
Package: tracklang 2025/03/04 v1.6.5 (NLCT) Track Languages
 (/usr/local/texlive/2025/texmf-dist/tex/generic/tracklang/tracklang.tex)) (/usr/local/texlive/2025/texmf-dist/tex/latex/translator/translator.sty
Package: translator 2021-05-31 v1.12d Easy translation of strings in LaTeX
) (/usr/local/texlive/2025/texmf-dist/tex/latex/glossaries-spanish/glossaries-spanish.ldf
File: glossaries-spanish.ldf 2014/11/23 v1.0
 (/usr/local/texlive/2025/texmf-dist/tex/latex/glossaries-spanish/glossaries-spanish-utf8.ldf)) (/usr/local/texlive/2025/texmf-dist/tex/latex/datatool/datatool-base.sty
Package: datatool-base 2025/03/05 v3.0.1 (NLCT)
 (/usr/local/texlive/2025/texmf-dist/tex/latex/amsmath/amsmath.sty
Package: amsmath 2024/11/05 v2.17t AMS math features
\@mathmargin=\skip79

For additional information on amsmath, use the `?' option.
(/usr/local/texlive/2025/texmf-dist/tex/latex/amsmath/amstext.sty
Package: amstext 2021/08/26 v2.01 AMS text
) (/usr/local/texlive/2025/texmf-dist/tex/latex/amsmath/amsbsy.sty
Package: amsbsy 1999/11/29 v1.2d Bold Symbols
\pmbraise@=\dimen187
) (/usr/local/texlive/2025/texmf-dist/tex/latex/amsmath/amsopn.sty
Package: amsopn 2022/04/08 v2.04 operator names
)
\inf@bad=\count326
LaTeX Info: Redefining \frac on input line 233.
\uproot@=\count327
\leftroot@=\count328
LaTeX Info: Redefining \overline on input line 398.
LaTeX Info: Redefining \colon on input line 409.
\classnum@=\count329
\DOTSCASE@=\count330
LaTeX Info: Redefining \ldots on input line 495.
LaTeX Info: Redefining \dots on input line 498.
LaTeX Info: Redefining \cdots on input line 619.
\Mathstrutbox@=\box62
\strutbox@=\box63
LaTeX Info: Redefining \big on input line 721.
LaTeX Info: Redefining \Big on input line 722.
LaTeX Info: Redefining \bigg on input line 723.
LaTeX Info: Redefining \Bigg on input line 724.
\big@size=\dimen188
LaTeX Font Info:    Redeclaring font encoding OML on input line 742.
LaTeX Font Info:    Redeclaring font encoding OMS on input line 743.
\macc@depth=\count331
LaTeX Info: Redefining \bmod on input line 904.
LaTeX Info: Redefining \pmod on input line 909.
LaTeX Info: Redefining \smash on input line 939.
LaTeX Info: Redefining \relbar on input line 969.
LaTeX Info: Redefining \Relbar on input line 970.
\c@MaxMatrixCols=\count332
\dotsspace@=\muskip18
\c@parentequation=\count333
\dspbrk@lvl=\count334
\tag@help=\toks33
\row@=\count335
\column@=\count336
\maxfields@=\count337
\andhelp@=\toks34
\eqnshift@=\dimen189
\alignsep@=\dimen190
\tagshift@=\dimen191
\tagwidth@=\dimen192
\totwidth@=\dimen193
\lineht@=\dimen194
\@envbody=\toks35
\multlinegap=\skip80
\multlinetaggap=\skip81
\mathdisplay@stack=\toks36
LaTeX Info: Redefining \[ on input line 2953.
LaTeX Info: Redefining \] on input line 2954.
) (/usr/local/texlive/2025/texmf-dist/tex/latex/datatool/datatool-l3fp.def
File: datatool-l3fp.def 2025/03/05 v3.0.1 (NLCT)
)
\@dtl@toks=\toks37
\@dtl@tmpcount=\count338
\dtl@tmplength=\skip82
\l__datatool_measure_box=\box64
\dtl@sortresult=\count339
 (/usr/local/texlive/2025/texmf-dist/tex/latex/datatool/datatool-utf8.ldf
File: datatool-utf8.ldf 2025/03/05 v3.0.1 (NLCT)
)
\@dtl@datatype=\count340
\l__datatool_tmpa_int=\count341
\l__datatool_tmpb_int=\count342
\l__datatool_tmpc_int=\count343
\l__datatool_tmpd_int=\count344
\l__datatool_count_int=\count345
\l__datatool_tmp_datatype_int=\count346
\l__datatool_tmpa_dim=\dimen195
\l__datatool_tmpb_dim=\dimen196
\c_datatool_unknown_int=\count347
\l__datatool_year_int=\count348
\l__datatool_month_int=\count349
\l__datatool_day_int=\count350
\l__datatool_hour_int=\count351
\l__datatool_minute_int=\count352
\l__datatool_second_int=\count353
\l__datatool_tzhour_int=\count354
\l__datatool_tzminute_int=\count355
\l__datatool_julian_int=\count356
\l__datatool_local_julian_int=\count357
\l__datatool_prefix_int=\count358
\l__datatool_suffix_int=\count359
\@dtl@foreach@level=\count360


Package tracklang Warning: No `datatool' support for dialect `spanish'  on input line 9897.

\dtl@codeA=\count361
\dtl@codeB=\count362
)
\gls@level=\count363
\@gls@tmpb=\toks38
\gls@tmplen=\skip83
\glskeylisttok=\toks39
\glslabeltok=\toks40
\glsshorttok=\toks41
\glslongtok=\toks42
 (/usr/local/texlive/2025/texmf-dist/tex/latex/glossaries/styles/glossary-hypernav.sty
Package: glossary-hypernav 2025/03/03 v4.56 (NLCT)
) (/usr/local/texlive/2025/texmf-dist/tex/latex/glossaries/styles/glossary-list.sty
Package: glossary-list 2025/03/03 v4.56 (NLCT)
\glslistdottedwidth=\skip84
) (/usr/local/texlive/2025/texmf-dist/tex/latex/glossaries/styles/glossary-long.sty
Package: glossary-long 2025/03/03 v4.56 (NLCT)
 (/usr/local/texlive/2025/texmf-dist/tex/latex/tools/longtable.sty
Package: longtable 2024-10-27 v4.22 Multi-page Table package (DPC)
\LTleft=\skip85
\LTright=\skip86
\LTpre=\skip87
\LTpost=\skip88
\LTchunksize=\count364
\LTcapwidth=\dimen197
\LT@head=\box65
\LT@firsthead=\box66
\LT@foot=\box67
\LT@lastfoot=\box68
\LT@gbox=\box69
\LT@cols=\count365
\LT@rows=\count366
\c@LT@tables=\count367
\c@LT@chunks=\count368
\LT@p@ftn=\toks43
)
\glsdescwidth=\skip89
\glspagelistwidth=\skip90
) (/usr/local/texlive/2025/texmf-dist/tex/latex/glossaries/styles/glossary-super.sty
Package: glossary-super 2025/03/03 v4.56 (NLCT)
 (/usr/local/texlive/2025/texmf-dist/tex/latex/supertabular/supertabular.sty
Package: supertabular 2024/07/20 v4.2c the supertabular environment
\c@tracingst=\count369
\ST@wd=\dimen198
\ST@rightskip=\skip91
\ST@leftskip=\skip92
\ST@parfillskip=\skip93
\ST@pageleft=\dimen199
\ST@headht=\dimen256
\ST@tailht=\dimen257
\ST@pagesofar=\dimen258
\ST@pboxht=\dimen259
\ST@rowht=\dimen260
\ST@prevht=\dimen261
\ST@toadd=\dimen262
\ST@dimen=\dimen263
\ST@pbox=\box70
)) (/usr/local/texlive/2025/texmf-dist/tex/latex/glossaries/styles/glossary-tree.sty
Package: glossary-tree 2025/03/03 v4.56 (NLCT)
\glstreeindent=\skip94
))
\glswrite=\write3
\glo@main@file=\write4
\openout4 = `main.glo'.

Package glossaries Info: Writing glossary file main.glo on input line 43.
 (./glosario.tex) (/usr/local/texlive/2025/texmf-dist/tex/latex/graphics/color.sty
Package: color 2024/06/23 v1.3e Standard LaTeX Color (DPC)
 (/usr/local/texlive/2025/texmf-dist/tex/latex/graphics-cfg/color.cfg
File: color.cfg 2016/01/02 v1.6 sample color configuration
)
Package color Info: Driver file: pdftex.def on input line 149.
 (/usr/local/texlive/2025/texmf-dist/tex/latex/graphics/mathcolor.ltx)) (/usr/local/texlive/2025/texmf-dist/tex/latex/xcolor/xcolor.sty
Package: xcolor 2024/09/29 v3.02 LaTeX color extensions (UK)
 (/usr/local/texlive/2025/texmf-dist/tex/latex/graphics-cfg/color.cfg
File: color.cfg 2016/01/02 v1.6 sample color configuration
)
Package xcolor Info: Driver file: pdftex.def on input line 274.
LaTeX Info: Redefining \color on input line 762.
 (/usr/local/texlive/2025/texmf-dist/tex/latex/graphics/mathcolor.ltx)
Package xcolor Info: Model `cmy' substituted by `cmy0' on input line 1349.
Package xcolor Info: Model `hsb' substituted by `rgb' on input line 1353.
Package xcolor Info: Model `RGB' extended on input line 1365.
Package xcolor Info: Model `HTML' substituted by `rgb' on input line 1367.
Package xcolor Info: Model `Hsb' substituted by `hsb' on input line 1368.
Package xcolor Info: Model `tHsb' substituted by `hsb' on input line 1369.
Package xcolor Info: Model `HSB' substituted by `hsb' on input line 1370.
Package xcolor Info: Model `Gray' substituted by `gray' on input line 1371.
Package xcolor Info: Model `wave' substituted by `hsb' on input line 1372.
) (/usr/local/texlive/2025/texmf-dist/tex/latex/listings/lstlang1.sty
File: lstlang1.sty 2024/09/23 1.10c listings language file
) (/usr/local/texlive/2025/texmf-dist/tex/latex/titlesec/titlesec.sty
Package: titlesec 2025/01/04 v2.17 Sectioning titles
\ttl@box=\box71
\beforetitleunit=\skip95
\aftertitleunit=\skip96
\ttl@plus=\dimen264
\ttl@minus=\dimen265
\ttl@toksa=\toks44
\titlewidth=\dimen266
\titlewidthlast=\dimen267
\titlewidthfirst=\dimen268
) (/usr/local/texlive/2025/texmf-dist/tex/latex/psnfss/pifont.sty
Package: pifont 2020/03/25 PSNFSS-v9.3 Pi font support (SPQR) 
LaTeX Font Info:    Trying to load font information for U+pzd on input line 63.
 (/usr/local/texlive/2025/texmf-dist/tex/latex/psnfss/upzd.fd
File: upzd.fd 2001/06/04 font definitions for U/pzd.
)
LaTeX Font Info:    Trying to load font information for U+psy on input line 64.
 (/usr/local/texlive/2025/texmf-dist/tex/latex/psnfss/upsy.fd
File: upsy.fd 2001/06/04 font definitions for U/psy.
))
Package csquotes Info: Checking for multilingual support...
Package csquotes Info: ... found 'babel' package.
Package csquotes Info: Adjusting default style.
Package csquotes Info: Redefining alias 'default' -> 'spanish'.
LaTeX Font Info:    Trying to load font information for OT1+lmr on input line 90.
 (/usr/local/texlive/2025/texmf-dist/tex/latex/lm/ot1lmr.fd
File: ot1lmr.fd 2015/05/01 v1.6.1 Font defs for Latin Modern
) (./main.aux
LaTeX Info: Redefining \. on input line 18.
LaTeX Info: Redefining \% on input line 18.
)
\openout1 = `main.aux'.

LaTeX Font Info:    Checking defaults for OML/cmm/m/it on input line 90.
LaTeX Font Info:    ... okay on input line 90.
LaTeX Font Info:    Checking defaults for OMS/cmsy/m/n on input line 90.
LaTeX Font Info:    ... okay on input line 90.
LaTeX Font Info:    Checking defaults for OT1/cmr/m/n on input line 90.
LaTeX Font Info:    ... okay on input line 90.
LaTeX Font Info:    Checking defaults for T1/cmr/m/n on input line 90.
LaTeX Font Info:    ... okay on input line 90.
LaTeX Font Info:    Checking defaults for TS1/cmr/m/n on input line 90.
LaTeX Font Info:    ... okay on input line 90.
LaTeX Font Info:    Checking defaults for OMX/cmex/m/n on input line 90.
LaTeX Font Info:    ... okay on input line 90.
LaTeX Font Info:    Checking defaults for U/cmr/m/n on input line 90.
LaTeX Font Info:    ... okay on input line 90.
LaTeX Font Info:    Checking defaults for PD1/pdf/m/n on input line 90.
LaTeX Font Info:    ... okay on input line 90.
LaTeX Font Info:    Checking defaults for PU/pdf/m/n on input line 90.
LaTeX Font Info:    ... okay on input line 90.
 (/usr/local/texlive/2025/texmf-dist/tex/context/base/mkii/supp-pdf.mkii
[Loading MPS to PDF converter (version 2006.09.02).]
\scratchcounter=\count370
\scratchdimen=\dimen269
\scratchbox=\box72
\nofMPsegments=\count371
\nofMParguments=\count372
\everyMPshowfont=\toks45
\MPscratchCnt=\count373
\MPscratchDim=\dimen270
\MPnumerator=\count374
\makeMPintoPDFobject=\count375
\everyMPtoPDFconversion=\toks46
) (/usr/local/texlive/2025/texmf-dist/tex/latex/epstopdf-pkg/epstopdf-base.sty
Package: epstopdf-base 2020-01-24 v2.11 Base part for package epstopdf
Package epstopdf-base Info: Redefining graphics rule for `.eps' on input line 485.
 (/usr/local/texlive/2025/texmf-dist/tex/latex/latexconfig/epstopdf-sys.cfg
File: epstopdf-sys.cfg 2010/07/13 v1.3 Configuration of (r)epstopdf for TeX Live
))
*geometry* driver: auto-detecting
*geometry* detected driver: pdftex
*geometry* verbose mode - [ preamble ] result:
* driver: pdftex
* paper: <default>
* layout: <same size as paper>
* layoutoffset:(h,v)=(0.0pt,0.0pt)
* modes: 
* h-part:(L,W,R)=(71.13188pt, 472.03123pt, 71.13188pt)
* v-part:(T,H,B)=(71.13188pt, 652.70622pt, 71.13188pt)
* \paperwidth=614.295pt
* \paperheight=794.96999pt
* \textwidth=472.03123pt
* \textheight=652.70622pt
* \oddsidemargin=-1.1381pt
* \evensidemargin=-1.1381pt
* \topmargin=-33.0119pt
* \headheight=12.0pt
* \headsep=19.8738pt
* \topskip=12.0pt
* \footskip=30.0pt
* \marginparwidth=47.0pt
* \marginparsep=7.0pt
* \columnsep=10.0pt
* \skip\footins=10.8pt plus 4.0pt minus 2.0pt
* \hoffset=0.0pt
* \voffset=0.0pt
* \mag=1000
* \@twocolumnfalse
* \@twosidefalse
* \@mparswitchfalse
* \@reversemarginfalse
* (1in=72.27pt=25.4mm, 1cm=28.453pt)

Package hyperref Info: Link coloring OFF on input line 90.
(./main.out) (./main.out)
\@outlinefile=\write5
\openout5 = `main.out'.

LaTeX Info: Redefining \. on input line 90.
LaTeX Info: Redefining \% on input line 90.
Package caption Info: Begin \AtBeginDocument code.
Package caption Info: listings package is loaded.
Package caption Info: longtable package is loaded.
 (/usr/local/texlive/2025/texmf-dist/tex/latex/caption/ltcaption.sty
Package: ltcaption 2021/01/08 v1.4c longtable captions (AR)
)
Package caption Info: supertabular package is loaded.
Package caption Info: End \AtBeginDocument code.
Package newfloat Info: Trying Plan B...
Package newfloat Info: `float' package detected.

Couldn't patch \ttl@straight@ii
Couldn't patch \ttl@straight@ii
\c@lstlisting=\count376
(./Portada.tex
<Ilustraciones/NuevoLogoEII.png, id=225, 903.375pt x 252.19218pt>
File: Ilustraciones/NuevoLogoEII.png Graphic file (type png)
<use Ilustraciones/NuevoLogoEII.png>
Package pdftex.def Info: Ilustraciones/NuevoLogoEII.png  used on input line 8.
(pdftex.def)             Requested size: 426.79134pt x 119.14604pt.

Overfull \hbox (11.6656pt too wide) in paragraph at lines 21--21
  [] 
 []


Overfull \hbox (11.6656pt too wide) in paragraph at lines 34--34
  [] 
 []



[1

\openout3 = `main.ist'.


{/usr/local/texlive/2025/texmf-var/fonts/map/pdftex/updmap/pdftex.map}{/usr/local/texlive/2025/texmf-dist/fonts/enc/dvips/lm/lm-rm.enc} <./Ilustraciones/NuevoLogoEII.png>]) (./TFT04C.tex
*geometry* verbose mode - [ newgeometry ] result:
* driver: pdftex
* paper: <default>
* layout: <same size as paper>
* layoutoffset:(h,v)=(0.0pt,0.0pt)
* modes: 
* h-part:(L,W,R)=(42.67912pt, 528.93675pt, 42.67912pt)
* v-part:(T,H,B)=(42.67912pt, 709.61174pt, 42.67912pt)
* \paperwidth=614.295pt
* \paperheight=794.96999pt
* \textwidth=528.93675pt
* \textheight=709.61174pt
* \oddsidemargin=-29.59087pt
* \evensidemargin=-29.59087pt
* \topmargin=-61.46466pt
* \headheight=12.0pt
* \headsep=19.8738pt
* \topskip=12.0pt
* \footskip=30.0pt
* \marginparwidth=47.0pt
* \marginparsep=7.0pt
* \columnsep=10.0pt
* \skip\footins=10.8pt plus 4.0pt minus 2.0pt
* \hoffset=0.0pt
* \voffset=0.0pt
* \mag=1000
* \@twocolumnfalse
* \@twosidefalse
* \@mparswitchfalse
* \@reversemarginfalse
* (1in=72.27pt=25.4mm, 1cm=28.453pt)

LaTeX Font Info:    Trying to load font information for OML+lmm on input line 6.
 (/usr/local/texlive/2025/texmf-dist/tex/latex/lm/omllmm.fd
File: omllmm.fd 2015/05/01 v1.6.1 Font defs for Latin Modern
)
LaTeX Font Info:    Trying to load font information for OMS+lmsy on input line 6.
 (/usr/local/texlive/2025/texmf-dist/tex/latex/lm/omslmsy.fd
File: omslmsy.fd 2015/05/01 v1.6.1 Font defs for Latin Modern
)
LaTeX Font Info:    Trying to load font information for OMX+lmex on input line 6.
 (/usr/local/texlive/2025/texmf-dist/tex/latex/lm/omxlmex.fd
File: omxlmex.fd 2015/05/01 v1.6.1 Font defs for Latin Modern
)
LaTeX Font Info:    External font `lmex10' loaded for size
(Font)              <12> on input line 6.
LaTeX Font Info:    External font `lmex10' loaded for size
(Font)              <8> on input line 6.
LaTeX Font Info:    External font `lmex10' loaded for size
(Font)              <6> on input line 6.
LaTeX Font Info:    Trying to load font information for U+msa on input line 6.
 (/usr/local/texlive/2025/texmf-dist/tex/latex/amsfonts/umsa.fd
File: umsa.fd 2013/01/14 v3.01 AMS symbols A
)
LaTeX Font Info:    Trying to load font information for U+msb on input line 6.
 (/usr/local/texlive/2025/texmf-dist/tex/latex/amsfonts/umsb.fd
File: umsb.fd 2013/01/14 v3.01 AMS symbols B
)
File: Ilustraciones/NuevoLogoEII.png Graphic file (type png)
<use Ilustraciones/NuevoLogoEII.png>
Package pdftex.def Info: Ilustraciones/NuevoLogoEII.png  used on input line 8.
(pdftex.def)             Requested size: 199.16928pt x 55.60173pt.

Overfull \hbox (64.11836pt too wide) in paragraph at lines 6--11
[][] 
 []




pdfTeX warning (ext4): destination with the same identifier (name{page.1}) has been already used, duplicate ignored
<to be read again> 
                   \relax 
l.83 
      [1

]

[2]) (./Agradecimientos.tex)

[1{/usr/local/texlive/2025/texmf-dist/fonts/enc/dvips/lm/lm-rmsc.enc}


] (./Resumen.tex

[2

])

[3] (./main.toc
LaTeX Info: Redefining \. on input line 1.
LaTeX Info: Redefining \% on input line 1.


[4

])
\tf@toc=\write6
\openout6 = `main.toc'.



LaTeX Info: Redefining \. on input line 107.
LaTeX Info: Redefining \% on input line 107.
[5] (./main.loa)
\tf@loa=\write7
\openout7 = `main.loa'.



[6

] (./main.lof
LaTeX Info: Redefining \. on input line 1.
LaTeX Info: Redefining \% on input line 1.


[7

{/usr/local/texlive/2025/texmf-dist/fonts/enc/dvips/lm/lm-mathit.enc}])
\tf@lof=\write8
\openout8 = `main.lof'.



LaTeX Info: Redefining \. on input line 107.
LaTeX Info: Redefining \% on input line 107.
[8] (./main.lot
LaTeX Info: Redefining \. on input line 1.
LaTeX Info: Redefining \% on input line 1.


[9

])
\tf@lot=\write9
\openout9 = `main.lot'.



LaTeX Info: Redefining \. on input line 110.
LaTeX Info: Redefining \% on input line 110.
[10] (./secciones/introduccion/introduccion.tex
Cap\'{\i }tulo 1.
Package newfloat Info: Setting Plan B file extension to `lof'... on input line 1.
(./secciones/introduccion/motivacion.tex) (./secciones/introduccion/objetivos.tex


pdfTeX warning (ext4): destination with the same identifier (name{page.1}) has been already used, duplicate ignored
<to be read again> 
                   \relax 
l.10     \item \textbf
                      {Existencia de una biblioteca de canciones}, permitien... [1


]) (./secciones/introduccion/aportaciones.tex) (./secciones/introduccion/competencias.tex

LaTeX Info: Redefining \. on input line 3.
LaTeX Info: Redefining \% on input line 3.

pdfTeX warning (ext4): destination with the same identifier (name{page.2}) has been already used, duplicate ignored
<to be read again> 
                   \relax 
l.3 
     [2]

LaTeX Info: Redefining \. on input line 29.
LaTeX Info: Redefining \% on input line 29.
[3]

LaTeX Info: Redefining \. on input line 60.
LaTeX Info: Redefining \% on input line 60.
[4]) (./secciones/introduccion/alineamiento.tex

LaTeX Info: Redefining \. on input line 18.
LaTeX Info: Redefining \% on input line 18.
[5]
LaTeX Font Info:    External font `lmex10' loaded for size
(Font)              <5> on input line 25.
) (./secciones/introduccion/estructura.tex

LaTeX Info: Redefining \. on input line 17.
LaTeX Info: Redefining \% on input line 17.
[6])) (./secciones/normativa/normativa.tex

LaTeX Info: Redefining \. on input line 1.
LaTeX Info: Redefining \% on input line 1.
[7]
Cap\'{\i }tulo 2.
(./secciones/normativa/licencias.tex

[8

]) (./secciones/normativa/legislación.tex

LaTeX Info: Redefining \. on input line 10.
LaTeX Info: Redefining \% on input line 10.
[9]
<Ilustraciones/normativa/registro_art30.jpeg, id=570, 3838.34pt x 2491.3075pt>
File: Ilustraciones/normativa/registro_art30.jpeg Graphic file (type jpg)
<use Ilustraciones/normativa/registro_art30.jpeg>
Package pdftex.def Info: Ilustraciones/normativa/registro_art30.jpeg  used on input line 23.
(pdftex.def)             Requested size: 377.62642pt x 245.07782pt.
))

LaTeX Info: Redefining \. on input line 116.
LaTeX Info: Redefining \% on input line 116.
[10 <./Ilustraciones/normativa/registro_art30.jpeg>] (./secciones/tecnologias/tecnologias.tex

LaTeX Info: Redefining \. on input line 1.
LaTeX Info: Redefining \% on input line 1.
[11]
Cap\'{\i }tulo 3.
LaTeX Font Info:    External font `lmex10' loaded for size
(Font)              <10.95> on input line 11.
) (./secciones/metodologia/metodologia.tex

[12

]
Cap\'{\i }tulo 4.
(./secciones/metodologia/metodologia_explicacion.tex
<Ilustraciones/metodologia/patton-incrementing-mona-lisa.jpg, id=616, 504.38437pt x 136.25906pt>
File: Ilustraciones/metodologia/patton-incrementing-mona-lisa.jpg Graphic file (type jpg)
<use Ilustraciones/metodologia/patton-incrementing-mona-lisa.jpg>
Package pdftex.def Info: Ilustraciones/metodologia/patton-incrementing-mona-lisa.jpg  used on input line 17.
(pdftex.def)             Requested size: 377.62642pt x 102.01523pt.


[13

]
<Ilustraciones/metodologia/patton-iterating-mona-lisa.jpg, id=625, 499.11469pt x 134.75343pt>
File: Ilustraciones/metodologia/patton-iterating-mona-lisa.jpg Graphic file (type jpg)
<use Ilustraciones/metodologia/patton-iterating-mona-lisa.jpg>
Package pdftex.def Info: Ilustraciones/metodologia/patton-iterating-mona-lisa.jpg  used on input line 25.
(pdftex.def)             Requested size: 377.62642pt x 101.9572pt.
<Ilustraciones/metodologia/iterative-incremental-mona-lisa.jpeg, id=629, 1859.94875pt x 902.37125pt>
File: Ilustraciones/metodologia/iterative-incremental-mona-lisa.jpeg Graphic file (type jpg)
<use Ilustraciones/metodologia/iterative-incremental-mona-lisa.jpeg>
Package pdftex.def Info: Ilustraciones/metodologia/iterative-incremental-mona-lisa.jpeg  used on input line 34.
(pdftex.def)             Requested size: 377.62642pt x 183.19733pt.


LaTeX Info: Redefining \. on input line 37.
LaTeX Info: Redefining \% on input line 37.
[14 <./Ilustraciones/metodologia/patton-incrementing-mona-lisa.jpg> <./Ilustraciones/metodologia/patton-iterating-mona-lisa.jpg>]
<Ilustraciones/metodologia/flujo_it_inc.jpg, id=637, 534.0753pt x 293.898pt>
File: Ilustraciones/metodologia/flujo_it_inc.jpg Graphic file (type jpg)
<use Ilustraciones/metodologia/flujo_it_inc.jpg>
Package pdftex.def Info: Ilustraciones/metodologia/flujo_it_inc.jpg  used on input line 42.
(pdftex.def)             Requested size: 377.62642pt x 207.808pt.
) (./secciones/metodologia/planificación.tex

LaTeX Info: Redefining \. on input line 4.
LaTeX Info: Redefining \% on input line 4.
[15 <./Ilustraciones/metodologia/iterative-incremental-mona-lisa.jpeg> <./Ilustraciones/metodologia/flujo_it_inc.jpg>]
<Ilustraciones/metodologia/flujo_met.jpg, id=647, 677.8926pt x 300.6432pt>
File: Ilustraciones/metodologia/flujo_met.jpg Graphic file (type jpg)
<use Ilustraciones/metodologia/flujo_met.jpg>
Package pdftex.def Info: Ilustraciones/metodologia/flujo_met.jpg  used on input line 55.
(pdftex.def)             Requested size: 472.03123pt x 209.34781pt.
))

LaTeX Info: Redefining \. on input line 120.
LaTeX Info: Redefining \% on input line 120.
[16] (./secciones/estado/estado.tex

LaTeX Info: Redefining \. on input line 1.
LaTeX Info: Redefining \% on input line 1.
[17 <./Ilustraciones/metodologia/flujo_met.jpg>]
Cap\'{\i }tulo 5.
(./secciones/estado/fundamentos/fundamentos.tex (./secciones/estado/fundamentos/conceptos.tex
<Ilustraciones/estado/pentagrama.jpg, id=662, 479.1501pt x 142.3719pt>
File: Ilustraciones/estado/pentagrama.jpg Graphic file (type jpg)
<use Ilustraciones/estado/pentagrama.jpg>
Package pdftex.def Info: Ilustraciones/estado/pentagrama.jpg  used on input line 17.
(pdftex.def)             Requested size: 226.57297pt x 67.3232pt.


[18

 <./Ilustraciones/estado/pentagrama.jpg>]
<Ilustraciones/estado/piano_cromatica.jpg, id=676, 329.0694pt x 305.943pt>
File: Ilustraciones/estado/piano_cromatica.jpg Graphic file (type jpg)
<use Ilustraciones/estado/piano_cromatica.jpg>
Package pdftex.def Info: Ilustraciones/estado/piano_cromatica.jpg  used on input line 51.
(pdftex.def)             Requested size: 236.01561pt x 219.42914pt.


LaTeX Info: Redefining \. on input line 78.
LaTeX Info: Redefining \% on input line 78.
[19 <./Ilustraciones/estado/piano_cromatica.jpg>]

LaTeX Info: Redefining \. on input line 138.
LaTeX Info: Redefining \% on input line 138.
[20{/usr/local/texlive/2025/texmf-dist/fonts/enc/dvips/lm/lm-mathsy.enc}]
<Ilustraciones/estado/piano_doM.jpg, id=705, 319.9152pt x 241.3818pt>
File: Ilustraciones/estado/piano_doM.jpg Graphic file (type jpg)
<use Ilustraciones/estado/piano_doM.jpg>
Package pdftex.def Info: Ilustraciones/estado/piano_doM.jpg  used on input line 165.
(pdftex.def)             Requested size: 236.01561pt x 178.08199pt.


LaTeX Warning: Command \textendash invalid in math mode on input line 181.


LaTeX Warning: Command \textendash invalid in math mode on input line 181.



LaTeX Info: Redefining \. on input line 186.
LaTeX Info: Redefining \% on input line 186.
[21 <./Ilustraciones/estado/piano_doM.jpg>]

LaTeX Info: Redefining \. on input line 242.
LaTeX Info: Redefining \% on input line 242.
[22]) (./secciones/estado/fundamentos/cuerda.tex
<Ilustraciones/estado/timple_partes.jpg, id=734, 502.9992pt x 476.2593pt>
File: Ilustraciones/estado/timple_partes.jpg Graphic file (type jpg)
<use Ilustraciones/estado/timple_partes.jpg>
Package pdftex.def Info: Ilustraciones/estado/timple_partes.jpg  used on input line 16.
(pdftex.def)             Requested size: 264.33633pt x 250.29422pt.
<Ilustraciones/estado/timple_notas_piano.jpg, id=735, 344.9688pt x 474.573pt>
File: Ilustraciones/estado/timple_notas_piano.jpg Graphic file (type jpg)
<use Ilustraciones/estado/timple_notas_piano.jpg>
Package pdftex.def Info: Ilustraciones/estado/timple_notas_piano.jpg  used on input line 23.
(pdftex.def)             Requested size: 188.8096pt x 259.75595pt.


LaTeX Info: Redefining \. on input line 30.
LaTeX Info: Redefining \% on input line 30.
[23]

LaTeX Info: Redefining \. on input line 58.
LaTeX Info: Redefining \% on input line 58.
[24 <./Ilustraciones/estado/timple_partes.jpg> <./Ilustraciones/estado/timple_notas_piano.jpg>]
LaTeX Font Info:    Trying to load font information for OT1+lmtt on input line 63.
 (/usr/local/texlive/2025/texmf-dist/tex/latex/lm/ot1lmtt.fd
File: ot1lmtt.fd 2015/05/01 v1.6.1 Font defs for Latin Modern
)
LaTeX Font Info:    Trying to load font information for OMS+lmr on input line 84.
 (/usr/local/texlive/2025/texmf-dist/tex/latex/lm/omslmr.fd
File: omslmr.fd 2015/05/01 v1.6.1 Font defs for Latin Modern
)
LaTeX Font Info:    Font shape `OMS/lmr/m/n' in size <8> not available
(Font)              Font shape `OMS/lmsy/m/n' tried instead on input line 84.
<Ilustraciones/estado/diagrama_acordes.jpg, id=765, 228.6141pt x 152.0079pt>
File: Ilustraciones/estado/diagrama_acordes.jpg Graphic file (type jpg)
<use Ilustraciones/estado/diagrama_acordes.jpg>
Package pdftex.def Info: Ilustraciones/estado/diagrama_acordes.jpg  used on input line 97.
(pdftex.def)             Requested size: 228.61354pt x 152.00752pt.
) (./secciones/estado/fundamentos/timple.tex

LaTeX Info: Redefining \. on input line 7.
LaTeX Info: Redefining \% on input line 7.
[25{/usr/local/texlive/2025/texmf-dist/fonts/enc/dvips/lm/lm-rmtt.enc} <./Ilustraciones/estado/diagrama_acordes.jpg>])) (./secciones/estado/actual.tex
<Ilustraciones/estado/cifra_isadecandidito.jpeg, id=782, 3838.34pt x 2491.3075pt>
File: Ilustraciones/estado/cifra_isadecandidito.jpeg Graphic file (type jpg)
<use Ilustraciones/estado/cifra_isadecandidito.jpeg>
Package pdftex.def Info: Ilustraciones/estado/cifra_isadecandidito.jpeg  used on input line 6.
(pdftex.def)             Requested size: 377.62642pt x 245.07782pt.


LaTeX Info: Redefining \. on input line 9.
LaTeX Info: Redefining \% on input line 9.
[26]
LaTeX Font Info:    Trying to load font information for TS1+lmr on input line 17.
 (/usr/local/texlive/2025/texmf-dist/tex/latex/lm/ts1lmr.fd
File: ts1lmr.fd 2015/05/01 v1.6.1 Font defs for Latin Modern
)
<Ilustraciones/estado/raquel_youtube_video.jpeg, id=795, 3838.34pt x 2491.3075pt>
File: Ilustraciones/estado/raquel_youtube_video.jpeg Graphic file (type jpg)
<use Ilustraciones/estado/raquel_youtube_video.jpeg>
Package pdftex.def Info: Ilustraciones/estado/raquel_youtube_video.jpeg  used on input line 29.
(pdftex.def)             Requested size: 226.57297pt x 147.03908pt.
<Ilustraciones/estado/pedro_izquierdo_pagina_partituras.jpeg, id=798, 3838.34pt x 2491.3075pt>
File: Ilustraciones/estado/pedro_izquierdo_pagina_partituras.jpeg Graphic file (type jpg)
<use Ilustraciones/estado/pedro_izquierdo_pagina_partituras.jpeg>
Package pdftex.def Info: Ilustraciones/estado/pedro_izquierdo_pagina_partituras.jpeg  used on input line 36.
(pdftex.def)             Requested size: 226.57297pt x 147.03908pt.


LaTeX Info: Redefining \. on input line 42.
LaTeX Info: Redefining \% on input line 42.
[27{/usr/local/texlive/2025/texmf-dist/fonts/enc/dvips/lm/lm-ts1.enc} <./Ilustraciones/estado/cifra_isadecandidito.jpeg>]) (./secciones/estado/alternativas/alternativas.tex (./secciones/estado/alternativas/ukuleletabs.tex

LaTeX Info: Redefining \. on input line 16.
LaTeX Info: Redefining \% on input line 16.
[28 <./Ilustraciones/estado/raquel_youtube_video.jpeg> <./Ilustraciones/estado/pedro_izquierdo_pagina_partituras.jpeg>]
<Ilustraciones/estado/ukuleletabs.jpeg, id=818, 3838.34pt x 2491.3075pt>
File: Ilustraciones/estado/ukuleletabs.jpeg Graphic file (type jpg)
<use Ilustraciones/estado/ukuleletabs.jpeg>
Package pdftex.def Info: Ilustraciones/estado/ukuleletabs.jpeg  used on input line 29.
(pdftex.def)             Requested size: 226.57297pt x 147.03908pt.
<Ilustraciones/estado/ukuleletabs_somewhereovertherainbow.jpeg, id=821, 3838.34pt x 2491.3075pt>
File: Ilustraciones/estado/ukuleletabs_somewhereovertherainbow.jpeg Graphic file (type jpg)
<use Ilustraciones/estado/ukuleletabs_somewhereovertherainbow.jpeg>
Package pdftex.def Info: Ilustraciones/estado/ukuleletabs_somewhereovertherainbow.jpeg  used on input line 34.
(pdftex.def)             Requested size: 226.57297pt x 147.03908pt.
<Ilustraciones/estado/ukuleletabs_lessons.jpeg, id=824, 3838.34pt x 2491.3075pt>
File: Ilustraciones/estado/ukuleletabs_lessons.jpeg Graphic file (type jpg)
<use Ilustraciones/estado/ukuleletabs_lessons.jpeg>
Package pdftex.def Info: Ilustraciones/estado/ukuleletabs_lessons.jpeg  used on input line 42.
(pdftex.def)             Requested size: 226.57297pt x 147.03908pt.
<Ilustraciones/estado/ukuleletabs_escala.jpeg, id=827, 3838.34pt x 2491.3075pt>
File: Ilustraciones/estado/ukuleletabs_escala.jpeg Graphic file (type jpg)
<use Ilustraciones/estado/ukuleletabs_escala.jpeg>
Package pdftex.def Info: Ilustraciones/estado/ukuleletabs_escala.jpeg  used on input line 48.
(pdftex.def)             Requested size: 226.57297pt x 147.03908pt.
) (./secciones/estado/alternativas/ukutabs.tex

LaTeX Info: Redefining \. on input line 1.
LaTeX Info: Redefining \% on input line 1.
[29 <./Ilustraciones/estado/ukuleletabs.jpeg> <./Ilustraciones/estado/ukuleletabs_somewhereovertherainbow.jpeg> <./Ilustraciones/estado/ukuleletabs_lessons.jpeg> <./Ilustraciones/estado/ukuleletabs_escala.jpeg>]

LaTeX Info: Redefining \. on input line 19.
LaTeX Info: Redefining \% on input line 19.
[30]
<Ilustraciones/estado/ukutabs.jpeg, id=850, 3838.34pt x 2491.3075pt>
File: Ilustraciones/estado/ukutabs.jpeg Graphic file (type jpg)
<use Ilustraciones/estado/ukutabs.jpeg>
Package pdftex.def Info: Ilustraciones/estado/ukutabs.jpeg  used on input line 27.
(pdftex.def)             Requested size: 226.57297pt x 147.03908pt.
<Ilustraciones/estado/ukutabs_somewhereovertherainbow.jpeg, id=853, 3838.34pt x 2491.3075pt>
File: Ilustraciones/estado/ukutabs_somewhereovertherainbow.jpeg Graphic file (type jpg)
<use Ilustraciones/estado/ukutabs_somewhereovertherainbow.jpeg>
Package pdftex.def Info: Ilustraciones/estado/ukutabs_somewhereovertherainbow.jpeg  used on input line 34.
(pdftex.def)             Requested size: 226.57297pt x 147.03908pt.
<Ilustraciones/estado/ukutabs_guías.jpeg, id=856, 3838.34pt x 2491.3075pt>
File: Ilustraciones/estado/ukutabs_guías.jpeg Graphic file (type jpg)
<use Ilustraciones/estado/ukutabs_guías.jpeg>
Package pdftex.def Info: Ilustraciones/estado/ukutabs_guías.jpeg  used on input line 44.
(pdftex.def)             Requested size: 226.57297pt x 147.03908pt.
<Ilustraciones/estado/ukutabs_acordes.jpeg, id=859, 3838.34pt x 2491.3075pt>
File: Ilustraciones/estado/ukutabs_acordes.jpeg Graphic file (type jpg)
<use Ilustraciones/estado/ukutabs_acordes.jpeg>
Package pdftex.def Info: Ilustraciones/estado/ukutabs_acordes.jpeg  used on input line 51.
(pdftex.def)             Requested size: 226.57297pt x 147.03908pt.
) (./secciones/estado/alternativas/ultimateguitar.tex

LaTeX Info: Redefining \. on input line 1.
LaTeX Info: Redefining \% on input line 1.
[31 <./Ilustraciones/estado/ukutabs.jpeg> <./Ilustraciones/estado/ukutabs_somewhereovertherainbow.jpeg> <./Ilustraciones/estado/ukutabs_guías.jpeg> <./Ilustraciones/estado/ukutabs_acordes.jpeg>]
<Ilustraciones/estado/ultimateguitar.jpeg, id=876, 3838.34pt x 2491.3075pt>
File: Ilustraciones/estado/ultimateguitar.jpeg Graphic file (type jpg)
<use Ilustraciones/estado/ultimateguitar.jpeg>
Package pdftex.def Info: Ilustraciones/estado/ultimateguitar.jpeg  used on input line 18.
(pdftex.def)             Requested size: 226.57297pt x 147.03908pt.
<Ilustraciones/estado/ultimateguitar_courses.jpeg, id=879, 3838.34pt x 2491.3075pt>
File: Ilustraciones/estado/ultimateguitar_courses.jpeg Graphic file (type jpg)
<use Ilustraciones/estado/ultimateguitar_courses.jpeg>
Package pdftex.def Info: Ilustraciones/estado/ultimateguitar_courses.jpeg  used on input line 24.
(pdftex.def)             Requested size: 226.57297pt x 147.03908pt.
<Ilustraciones/estado/ultimateguitar_somewhereovertherainbow.jpeg, id=882, 3838.34pt x 2491.3075pt>
File: Ilustraciones/estado/ultimateguitar_somewhereovertherainbow.jpeg Graphic file (type jpg)
<use Ilustraciones/estado/ultimateguitar_somewhereovertherainbow.jpeg>
Package pdftex.def Info: Ilustraciones/estado/ultimateguitar_somewhereovertherainbow.jpeg  used on input line 33.
(pdftex.def)             Requested size: 377.62642pt x 245.07782pt.


LaTeX Info: Redefining \. on input line 41.
LaTeX Info: Redefining \% on input line 41.
[32]) (./secciones/estado/alternativas/lacuerda.tex

LaTeX Info: Redefining \. on input line 1.
LaTeX Info: Redefining \% on input line 1.
[33 <./Ilustraciones/estado/ultimateguitar.jpeg> <./Ilustraciones/estado/ultimateguitar_courses.jpeg> <./Ilustraciones/estado/ultimateguitar_somewhereovertherainbow.jpeg>]
<Ilustraciones/estado/lacuerdanet.jpeg, id=903, 3838.34pt x 2491.3075pt>
File: Ilustraciones/estado/lacuerdanet.jpeg Graphic file (type jpg)
<use Ilustraciones/estado/lacuerdanet.jpeg>
Package pdftex.def Info: Ilustraciones/estado/lacuerdanet.jpeg  used on input line 25.
(pdftex.def)             Requested size: 226.57297pt x 147.03908pt.
<Ilustraciones/estado/lacuerdanet_somewhereovertherainbow.jpeg, id=906, 3838.34pt x 2491.3075pt>
File: Ilustraciones/estado/lacuerdanet_somewhereovertherainbow.jpeg Graphic file (type jpg)
<use Ilustraciones/estado/lacuerdanet_somewhereovertherainbow.jpeg>
Package pdftex.def Info: Ilustraciones/estado/lacuerdanet_somewhereovertherainbow.jpeg  used on input line 31.
(pdftex.def)             Requested size: 226.57297pt x 147.03908pt.
<Ilustraciones/estado/lacuerdanet_cursos.jpeg, id=909, 3838.34pt x 2491.3075pt>
File: Ilustraciones/estado/lacuerdanet_cursos.jpeg Graphic file (type jpg)
<use Ilustraciones/estado/lacuerdanet_cursos.jpeg>
Package pdftex.def Info: Ilustraciones/estado/lacuerdanet_cursos.jpeg  used on input line 40.
(pdftex.def)             Requested size: 226.57297pt x 147.03908pt.
<Ilustraciones/estado/lacuerdanet_acordes.jpeg, id=912, 3838.34pt x 2491.3075pt>
File: Ilustraciones/estado/lacuerdanet_acordes.jpeg Graphic file (type jpg)
<use Ilustraciones/estado/lacuerdanet_acordes.jpeg>
Package pdftex.def Info: Ilustraciones/estado/lacuerdanet_acordes.jpeg  used on input line 46.
(pdftex.def)             Requested size: 226.57297pt x 147.03908pt.


LaTeX Info: Redefining \. on input line 54.
LaTeX Info: Redefining \% on input line 54.
[34])) (./secciones/estado/comparativa.tex

LaTeX Info: Redefining \. on input line 1.
LaTeX Info: Redefining \% on input line 1.
[35 <./Ilustraciones/estado/lacuerdanet.jpeg> <./Ilustraciones/estado/lacuerdanet_somewhereovertherainbow.jpeg> <./Ilustraciones/estado/lacuerdanet_cursos.jpeg> <./Ilustraciones/estado/lacuerdanet_acordes.jpeg>]

LaTeX Info: Redefining \. on input line 34.
LaTeX Info: Redefining \% on input line 34.
[36]) (./secciones/estado/alcance.tex

LaTeX Info: Redefining \. on input line 1.
LaTeX Info: Redefining \% on input line 1.
[37]
Overfull \hbox (6.23035pt too wide) in paragraph at lines 58--116
 [][] 
 []



LaTeX Info: Redefining \. on input line 118.
LaTeX Info: Redefining \% on input line 118.
[38]
Overfull \vbox (7.24255pt too high) has occurred while \output is active []



LaTeX Info: Redefining \. on input line 118.
LaTeX Info: Redefining \% on input line 118.
[39]
Overfull \hbox (3.96579pt too wide) in paragraph at lines 123--130
 [][] 
 []

)) (./secciones/desarrollo/desarrollo.tex

LaTeX Info: Redefining \. on input line 1.
LaTeX Info: Redefining \% on input line 1.
[40]
Cap\'{\i }tulo 6.
(./secciones/desarrollo/incremento1/incremento1.tex (./secciones/desarrollo/incremento1/analisis.tex
Overfull \hbox (0.98108pt too wide) in paragraph at lines 15--23
 [][] 
 []



[41

]) (./secciones/desarrollo/incremento1/diseño.tex

LaTeX Info: Redefining \. on input line 17.
LaTeX Info: Redefining \% on input line 17.
[42]
<Ilustraciones/desarrollo/incremento1/diagrama_datos_i1.jpg, id=972, 513.3579pt x 251.7405pt>
File: Ilustraciones/desarrollo/incremento1/diagrama_datos_i1.jpg Graphic file (type jpg)
<use Ilustraciones/desarrollo/incremento1/diagrama_datos_i1.jpg>
Package pdftex.def Info: Ilustraciones/desarrollo/incremento1/diagrama_datos_i1.jpg  used on input line 24.
(pdftex.def)             Requested size: 377.62642pt x 185.1826pt.
<Ilustraciones/desarrollo/incremento1/diagrama_flujo_i1.jpg, id=975, 408.8073pt x 1205.4636pt>
File: Ilustraciones/desarrollo/incremento1/diagrama_flujo_i1.jpg Graphic file (type jpg)
<use Ilustraciones/desarrollo/incremento1/diagrama_flujo_i1.jpg>
Package pdftex.def Info: Ilustraciones/desarrollo/incremento1/diagrama_flujo_i1.jpg  used on input line 44.
(pdftex.def)             Requested size: 188.8096pt x 556.74565pt.
<Ilustraciones/desarrollo/incremento1/diagrama_flujo2_i1.jpg, id=976, 294.8616pt x 1205.4636pt>
File: Ilustraciones/desarrollo/incremento1/diagrama_flujo2_i1.jpg Graphic file (type jpg)
<use Ilustraciones/desarrollo/incremento1/diagrama_flujo2_i1.jpg>
Package pdftex.def Info: Ilustraciones/desarrollo/incremento1/diagrama_flujo2_i1.jpg  used on input line 51.
(pdftex.def)             Requested size: 141.61081pt x 578.92865pt.


LaTeX Info: Redefining \. on input line 57.
LaTeX Info: Redefining \% on input line 57.
[43 <./Ilustraciones/desarrollo/incremento1/diagrama_datos_i1.jpg>]

LaTeX Info: Redefining \. on input line 64.
LaTeX Info: Redefining \% on input line 64.
[44 <./Ilustraciones/desarrollo/incremento1/diagrama_flujo_i1.jpg> <./Ilustraciones/desarrollo/incremento1/diagrama_flujo2_i1.jpg>]
<Ilustraciones/desarrollo/incremento1/diseño/color_palette.jpg, id=989, 401.5pt x 247.92625pt>
File: Ilustraciones/desarrollo/incremento1/diseño/color_palette.jpg Graphic file (type jpg)
<use Ilustraciones/desarrollo/incremento1/diseño/color_palette.jpg>
Package pdftex.def Info: Ilustraciones/desarrollo/incremento1/diseño/color_palette.jpg  used on input line 70.
(pdftex.def)             Requested size: 226.57297pt x 139.91214pt.
<Ilustraciones/desarrollo/incremento1/diseño/color_scheme.jpg, id=990, 526.96875pt x 380.42125pt>
File: Ilustraciones/desarrollo/incremento1/diseño/color_scheme.jpg Graphic file (type jpg)
<use Ilustraciones/desarrollo/incremento1/diseño/color_scheme.jpg>
Package pdftex.def Info: Ilustraciones/desarrollo/incremento1/diseño/color_scheme.jpg  used on input line 76.
(pdftex.def)             Requested size: 226.57297pt x 163.56633pt.
<Ilustraciones/desarrollo/incremento1/diseño/logo_2.png, id=992, 251.7405pt x 125.9907pt>
File: Ilustraciones/desarrollo/incremento1/diseño/logo_2.png Graphic file (type png)
<use Ilustraciones/desarrollo/incremento1/diseño/logo_2.png>
Package pdftex.def Info: Ilustraciones/desarrollo/incremento1/diseño/logo_2.png  used on input line 85.
(pdftex.def)             Requested size: 188.8096pt x 94.49663pt.
<Ilustraciones/desarrollo/incremento1/diseño/buttons.jpg, id=997, 429.605pt x 202.7575pt>
File: Ilustraciones/desarrollo/incremento1/diseño/buttons.jpg Graphic file (type jpg)
<use Ilustraciones/desarrollo/incremento1/diseño/buttons.jpg>
Package pdftex.def Info: Ilustraciones/desarrollo/incremento1/diseño/buttons.jpg  used on input line 97.
(pdftex.def)             Requested size: 226.57297pt x 106.93501pt.
<Ilustraciones/desarrollo/incremento1/diseño/button_color_scheme.jpg, id=998, 429.605pt x 202.7575pt>
File: Ilustraciones/desarrollo/incremento1/diseño/button_color_scheme.jpg Graphic file (type jpg)
<use Ilustraciones/desarrollo/incremento1/diseño/button_color_scheme.jpg>
Package pdftex.def Info: Ilustraciones/desarrollo/incremento1/diseño/button_color_scheme.jpg  used on input line 103.
(pdftex.def)             Requested size: 226.57297pt x 106.93501pt.
<Ilustraciones/desarrollo/incremento1/diseño/fields.jpg, id=999, 961.5925pt x 301.125pt>
File: Ilustraciones/desarrollo/incremento1/diseño/fields.jpg Graphic file (type jpg)
<use Ilustraciones/desarrollo/incremento1/diseño/fields.jpg>
Package pdftex.def Info: Ilustraciones/desarrollo/incremento1/diseño/fields.jpg  used on input line 109.
(pdftex.def)             Requested size: 472.03123pt x 147.81903pt.
<Ilustraciones/desarrollo/incremento1/diseño/dialog.jpg, id=1000, 413.545pt x 431.6125pt>
File: Ilustraciones/desarrollo/incremento1/diseño/dialog.jpg Graphic file (type jpg)
<use Ilustraciones/desarrollo/incremento1/diseño/dialog.jpg>
Package pdftex.def Info: Ilustraciones/desarrollo/incremento1/diseño/dialog.jpg  used on input line 115.
(pdftex.def)             Requested size: 160.48888pt x 167.50496pt.
<Ilustraciones/desarrollo/incremento1/diseño/dropdown_info.jpg, id=1001, 398.48875pt x 220.825pt>
File: Ilustraciones/desarrollo/incremento1/diseño/dropdown_info.jpg Graphic file (type jpg)
<use Ilustraciones/desarrollo/incremento1/diseño/dropdown_info.jpg>
Package pdftex.def Info: Ilustraciones/desarrollo/incremento1/diseño/dropdown_info.jpg  used on input line 121.
(pdftex.def)             Requested size: 292.65706pt x 162.1848pt.


LaTeX Info: Redefining \. on input line 127.
LaTeX Info: Redefining \% on input line 127.
[45 <./Ilustraciones/desarrollo/incremento1/diseño/color_palette.jpg> <./Ilustraciones/desarrollo/incremento1/diseño/color_scheme.jpg> <./Ilustraciones/desarrollo/incremento1/diseño/logo_2.png>]
<Ilustraciones/desarrollo/incremento1/diseño/home_unregistered.jpg, id=1013, 394.47375pt x 1097.09875pt>
File: Ilustraciones/desarrollo/incremento1/diseño/home_unregistered.jpg Graphic file (type jpg)
<use Ilustraciones/desarrollo/incremento1/diseño/home_unregistered.jpg>
Package pdftex.def Info: Ilustraciones/desarrollo/incremento1/diseño/home_unregistered.jpg  used on input line 134.
(pdftex.def)             Requested size: 94.4048pt x 262.55576pt.

Underfull \hbox (badness 10000) in paragraph at lines 135--135
[]\OT1/lmr/m/n/10.95 (a) |Di-se~no de
 []


Underfull \hbox (badness 10000) in paragraph at lines 135--135
\OT1/lmr/m/n/10.95 p^^Sagi-na prin-ci-pal
 []


Underfull \hbox (badness 10000) in paragraph at lines 135--135
\OT1/lmr/m/n/10.95 de usua-rios no
 []

<Ilustraciones/desarrollo/incremento1/diseño/login.jpg, id=1014, 394.47375pt x 1097.09875pt>
File: Ilustraciones/desarrollo/incremento1/diseño/login.jpg Graphic file (type jpg)
<use Ilustraciones/desarrollo/incremento1/diseño/login.jpg>
Package pdftex.def Info: Ilustraciones/desarrollo/incremento1/diseño/login.jpg  used on input line 140.
(pdftex.def)             Requested size: 94.4048pt x 262.55576pt.
<Ilustraciones/desarrollo/incremento1/diseño/password_recovery.jpg, id=1015, 394.47375pt x 1097.09875pt>
File: Ilustraciones/desarrollo/incremento1/diseño/password_recovery.jpg Graphic file (type jpg)
<use Ilustraciones/desarrollo/incremento1/diseño/password_recovery.jpg>
Package pdftex.def Info: Ilustraciones/desarrollo/incremento1/diseño/password_recovery.jpg  used on input line 146.
(pdftex.def)             Requested size: 94.4048pt x 262.55576pt.
<Ilustraciones/desarrollo/incremento1/diseño/register.jpg, id=1016, 394.47375pt x 1097.09875pt>
File: Ilustraciones/desarrollo/incremento1/diseño/register.jpg Graphic file (type jpg)
<use Ilustraciones/desarrollo/incremento1/diseño/register.jpg>
Package pdftex.def Info: Ilustraciones/desarrollo/incremento1/diseño/register.jpg  used on input line 152.
(pdftex.def)             Requested size: 94.4048pt x 262.55576pt.
<Ilustraciones/desarrollo/incremento1/diseño/register_filled.jpg, id=1017, 394.47375pt x 1097.09875pt>
File: Ilustraciones/desarrollo/incremento1/diseño/register_filled.jpg Graphic file (type jpg)
<use Ilustraciones/desarrollo/incremento1/diseño/register_filled.jpg>
Package pdftex.def Info: Ilustraciones/desarrollo/incremento1/diseño/register_filled.jpg  used on input line 158.
(pdftex.def)             Requested size: 94.4048pt x 262.55576pt.
<Ilustraciones/desarrollo/incremento1/diseño/register_error.jpg, id=1018, 394.47375pt x 1097.09875pt>
File: Ilustraciones/desarrollo/incremento1/diseño/register_error.jpg Graphic file (type jpg)
<use Ilustraciones/desarrollo/incremento1/diseño/register_error.jpg>
Package pdftex.def Info: Ilustraciones/desarrollo/incremento1/diseño/register_error.jpg  used on input line 164.
(pdftex.def)             Requested size: 94.4048pt x 262.55576pt.
<Ilustraciones/desarrollo/incremento1/diseño/profile.jpg, id=1019, 394.47375pt x 1097.09875pt>
File: Ilustraciones/desarrollo/incremento1/diseño/profile.jpg Graphic file (type jpg)
<use Ilustraciones/desarrollo/incremento1/diseño/profile.jpg>
Package pdftex.def Info: Ilustraciones/desarrollo/incremento1/diseño/profile.jpg  used on input line 170.
(pdftex.def)             Requested size: 94.4048pt x 262.55576pt.
<Ilustraciones/desarrollo/incremento1/diseño/settings.jpg, id=1020, 394.47375pt x 1097.09875pt>
File: Ilustraciones/desarrollo/incremento1/diseño/settings.jpg Graphic file (type jpg)
<use Ilustraciones/desarrollo/incremento1/diseño/settings.jpg>
Package pdftex.def Info: Ilustraciones/desarrollo/incremento1/diseño/settings.jpg  used on input line 176.
(pdftex.def)             Requested size: 94.4048pt x 262.55576pt.


LaTeX Info: Redefining \. on input line 182.
LaTeX Info: Redefining \% on input line 182.
[46 <./Ilustraciones/desarrollo/incremento1/diseño/buttons.jpg> <./Ilustraciones/desarrollo/incremento1/diseño/button_color_scheme.jpg> <./Ilustraciones/desarrollo/incremento1/diseño/fields.jpg> <./Ilustraciones/desarrollo/incremento1/diseño/dialog.jpg> <./Ilustraciones/desarrollo/incremento1/diseño/dropdown_info.jpg>]
Overfull \vbox (30.45512pt too high) has occurred while \output is active []



LaTeX Info: Redefining \. on input line 182.
LaTeX Info: Redefining \% on input line 182.
[47 <./Ilustraciones/desarrollo/incremento1/diseño/home_unregistered.jpg> <./Ilustraciones/desarrollo/incremento1/diseño/login.jpg> <./Ilustraciones/desarrollo/incremento1/diseño/password_recovery.jpg> <./Ilustraciones/desarrollo/incremento1/diseño/register.jpg> <./Ilustraciones/desarrollo/incremento1/diseño/register_filled.jpg> <./Ilustraciones/desarrollo/incremento1/diseño/register_error.jpg> <./Ilustraciones/desarrollo/incremento1/diseño/profile.jpg> <./Ilustraciones/desarrollo/incremento1/diseño/settings.jpg>]
<Ilustraciones/desarrollo/incremento1/diseño/login_big.jpg, id=1030, 1445.4pt x 820.06375pt>
File: Ilustraciones/desarrollo/incremento1/diseño/login_big.jpg Graphic file (type jpg)
<use Ilustraciones/desarrollo/incremento1/diseño/login_big.jpg>
Package pdftex.def Info: Ilustraciones/desarrollo/incremento1/diseño/login_big.jpg  used on input line 187.
(pdftex.def)             Requested size: 377.62642pt x 214.25014pt.
) (./secciones/desarrollo/incremento1/desarrollo.tex
<Ilustraciones/desarrollo/incremento1/desarrollo/supabase_profiles_table.jpeg, id=1036, 2039.62pt x 1165.35374pt>
File: Ilustraciones/desarrollo/incremento1/desarrollo/supabase_profiles_table.jpeg Graphic file (type jpg)
<use Ilustraciones/desarrollo/incremento1/desarrollo/supabase_profiles_table.jpeg>
Package pdftex.def Info: Ilustraciones/desarrollo/incremento1/desarrollo/supabase_profiles_table.jpeg  used on input line 16.
(pdftex.def)             Requested size: 226.57297pt x 129.45181pt.
<Ilustraciones/desarrollo/incremento1/desarrollo/supabase_username_function.jpeg, id=1037, 2039.62pt x 1165.35374pt>
File: Ilustraciones/desarrollo/incremento1/desarrollo/supabase_username_function.jpeg Graphic file (type jpg)
<use Ilustraciones/desarrollo/incremento1/desarrollo/supabase_username_function.jpeg>
Package pdftex.def Info: Ilustraciones/desarrollo/incremento1/desarrollo/supabase_username_function.jpeg  used on input line 21.
(pdftex.def)             Requested size: 226.57297pt x 129.45181pt.
<Ilustraciones/desarrollo/incremento1/desarrollo/supabase_username_trigger.jpeg, id=1038, 2039.62pt x 1165.35374pt>
File: Ilustraciones/desarrollo/incremento1/desarrollo/supabase_username_trigger.jpeg Graphic file (type jpg)
<use Ilustraciones/desarrollo/incremento1/desarrollo/supabase_username_trigger.jpeg>
Package pdftex.def Info: Ilustraciones/desarrollo/incremento1/desarrollo/supabase_username_trigger.jpeg  used on input line 28.
(pdftex.def)             Requested size: 226.57297pt x 129.45181pt.
<Ilustraciones/desarrollo/incremento1/desarrollo/supabase_policies.jpeg, id=1039, 2039.62pt x 1165.35374pt>
File: Ilustraciones/desarrollo/incremento1/desarrollo/supabase_policies.jpeg Graphic file (type jpg)
<use Ilustraciones/desarrollo/incremento1/desarrollo/supabase_policies.jpeg>
Package pdftex.def Info: Ilustraciones/desarrollo/incremento1/desarrollo/supabase_policies.jpeg  used on input line 33.
(pdftex.def)             Requested size: 226.57297pt x 129.45181pt.


LaTeX Info: Redefining \. on input line 39.
LaTeX Info: Redefining \% on input line 39.
[48 <./Ilustraciones/desarrollo/incremento1/diseño/login_big.jpg>]
<Ilustraciones/desarrollo/incremento1/desarrollo/supabase_template.jpeg, id=1046, 3838.34pt x 2491.3075pt>
File: Ilustraciones/desarrollo/incremento1/desarrollo/supabase_template.jpeg Graphic file (type jpg)
<use Ilustraciones/desarrollo/incremento1/desarrollo/supabase_template.jpeg>
Package pdftex.def Info: Ilustraciones/desarrollo/incremento1/desarrollo/supabase_template.jpeg  used on input line 54.
(pdftex.def)             Requested size: 377.62642pt x 245.07782pt.


LaTeX Info: Redefining \. on input line 58.
LaTeX Info: Redefining \% on input line 58.
[49 <./Ilustraciones/desarrollo/incremento1/desarrollo/supabase_profiles_table.jpeg> <./Ilustraciones/desarrollo/incremento1/desarrollo/supabase_username_function.jpeg> <./Ilustraciones/desarrollo/incremento1/desarrollo/supabase_username_trigger.jpeg> <./Ilustraciones/desarrollo/incremento1/desarrollo/supabase_policies.jpeg>]
<Ilustraciones/desarrollo/incremento1/desarrollo/login_1.jpeg, id=1053, 3838.34pt x 2491.3075pt>
File: Ilustraciones/desarrollo/incremento1/desarrollo/login_1.jpeg Graphic file (type jpg)
<use Ilustraciones/desarrollo/incremento1/desarrollo/login_1.jpeg>
Package pdftex.def Info: Ilustraciones/desarrollo/incremento1/desarrollo/login_1.jpeg  used on input line 63.
(pdftex.def)             Requested size: 377.62642pt x 245.07782pt.


LaTeX Info: Redefining \. on input line 72.
LaTeX Info: Redefining \% on input line 72.
[50 <./Ilustraciones/desarrollo/incremento1/desarrollo/supabase_template.jpeg> <./Ilustraciones/desarrollo/incremento1/desarrollo/login_1.jpeg>]
<Ilustraciones/desarrollo/incremento1/desarrollo/dir_ord.jpg, id=1059, 1025.5113pt x 251.4996pt>
File: Ilustraciones/desarrollo/incremento1/desarrollo/dir_ord.jpg Graphic file (type jpg)
<use Ilustraciones/desarrollo/incremento1/desarrollo/dir_ord.jpg>
Package pdftex.def Info: Ilustraciones/desarrollo/incremento1/desarrollo/dir_ord.jpg  used on input line 87.
(pdftex.def)             Requested size: 472.03123pt x 115.76028pt.
<Ilustraciones/desarrollo/incremento1/desarrollo/manual_it1.jpeg, id=1061, 3838.34pt x 2491.3075pt>
File: Ilustraciones/desarrollo/incremento1/desarrollo/manual_it1.jpeg Graphic file (type jpg)
<use Ilustraciones/desarrollo/incremento1/desarrollo/manual_it1.jpeg>
Package pdftex.def Info: Ilustraciones/desarrollo/incremento1/desarrollo/manual_it1.jpeg  used on input line 102.
(pdftex.def)             Requested size: 377.62642pt x 245.07782pt.


LaTeX Info: Redefining \. on input line 105.
LaTeX Info: Redefining \% on input line 105.
[51 <./Ilustraciones/desarrollo/incremento1/desarrollo/dir_ord.jpg>]
<Ilustraciones/desarrollo/incremento1/desarrollo/dialog_1.jpeg, id=1069, 3838.34pt x 2491.3075pt>
File: Ilustraciones/desarrollo/incremento1/desarrollo/dialog_1.jpeg Graphic file (type jpg)
<use Ilustraciones/desarrollo/incremento1/desarrollo/dialog_1.jpeg>
Package pdftex.def Info: Ilustraciones/desarrollo/incremento1/desarrollo/dialog_1.jpeg  used on input line 112.
(pdftex.def)             Requested size: 146.32852pt x 94.95956pt.
<Ilustraciones/desarrollo/incremento1/desarrollo/dialog_2.jpeg, id=1070, 3838.34pt x 2491.3075pt>
File: Ilustraciones/desarrollo/incremento1/desarrollo/dialog_2.jpeg Graphic file (type jpg)
<use Ilustraciones/desarrollo/incremento1/desarrollo/dialog_2.jpeg>
Package pdftex.def Info: Ilustraciones/desarrollo/incremento1/desarrollo/dialog_2.jpeg  used on input line 117.
(pdftex.def)             Requested size: 146.32852pt x 94.95956pt.
<Ilustraciones/desarrollo/incremento1/desarrollo/dialog_3.jpeg, id=1071, 3838.34pt x 2491.3075pt>
File: Ilustraciones/desarrollo/incremento1/desarrollo/dialog_3.jpeg Graphic file (type jpg)
<use Ilustraciones/desarrollo/incremento1/desarrollo/dialog_3.jpeg>
Package pdftex.def Info: Ilustraciones/desarrollo/incremento1/desarrollo/dialog_3.jpeg  used on input line 122.
(pdftex.def)             Requested size: 146.32852pt x 94.95956pt.
<Ilustraciones/desarrollo/incremento1/desarrollo/tac_it1.jpeg, id=1072, 3838.34pt x 2491.3075pt>
File: Ilustraciones/desarrollo/incremento1/desarrollo/tac_it1.jpeg Graphic file (type jpg)
<use Ilustraciones/desarrollo/incremento1/desarrollo/tac_it1.jpeg>
Package pdftex.def Info: Ilustraciones/desarrollo/incremento1/desarrollo/tac_it1.jpeg  used on input line 134.
(pdftex.def)             Requested size: 377.62642pt x 245.07782pt.


LaTeX Info: Redefining \. on input line 137.
LaTeX Info: Redefining \% on input line 137.
[52 <./Ilustraciones/desarrollo/incremento1/desarrollo/manual_it1.jpeg> <./Ilustraciones/desarrollo/incremento1/desarrollo/dialog_1.jpeg> <./Ilustraciones/desarrollo/incremento1/desarrollo/dialog_2.jpeg> <./Ilustraciones/desarrollo/incremento1/desarrollo/dialog_3.jpeg>]
<Ilustraciones/desarrollo/incremento1/desarrollo/tests_i1.jpeg, id=1078, 3838.34pt x 2491.3075pt>
File: Ilustraciones/desarrollo/incremento1/desarrollo/tests_i1.jpeg Graphic file (type jpg)
<use Ilustraciones/desarrollo/incremento1/desarrollo/tests_i1.jpeg>
Package pdftex.def Info: Ilustraciones/desarrollo/incremento1/desarrollo/tests_i1.jpeg  used on input line 144.
(pdftex.def)             Requested size: 377.62642pt x 245.07782pt.
<Ilustraciones/desarrollo/incremento1/desarrollo/lighthouse_it1.jpeg, id=1080, 3838.34pt x 2491.3075pt>
File: Ilustraciones/desarrollo/incremento1/desarrollo/lighthouse_it1.jpeg Graphic file (type jpg)
<use Ilustraciones/desarrollo/incremento1/desarrollo/lighthouse_it1.jpeg>
Package pdftex.def Info: Ilustraciones/desarrollo/incremento1/desarrollo/lighthouse_it1.jpeg  used on input line 152.
(pdftex.def)             Requested size: 377.62642pt x 245.07782pt.


LaTeX Info: Redefining \. on input line 154.
LaTeX Info: Redefining \% on input line 154.
[53 <./Ilustraciones/desarrollo/incremento1/desarrollo/tac_it1.jpeg> <./Ilustraciones/desarrollo/incremento1/desarrollo/tests_i1.jpeg>])) (./secciones/desarrollo/incremento2/incremento2.tex (./secciones/desarrollo/incremento2/analisis.tex
Overfull \hbox (5.23108pt too wide) in paragraph at lines 15--33
 [][] 
 []



LaTeX Info: Redefining \. on input line 36.
LaTeX Info: Redefining \% on input line 36.
[54 <./Ilustraciones/desarrollo/incremento1/desarrollo/lighthouse_it1.jpeg>]) (./secciones/desarrollo/incremento2/diseño.tex

LaTeX Info: Redefining \. on input line 26.
LaTeX Info: Redefining \% on input line 26.
[55]
<Ilustraciones/desarrollo/incremento2/diseño/builddiagram_it2_gmayor.jpg, id=1098, 488.5452pt x 443.4969pt>
File: Ilustraciones/desarrollo/incremento2/diseño/builddiagram_it2_gmayor.jpg Graphic file (type jpg)
<use Ilustraciones/desarrollo/incremento2/diseño/builddiagram_it2_gmayor.jpg>
Package pdftex.def Info: Ilustraciones/desarrollo/incremento2/diseño/builddiagram_it2_gmayor.jpg  used on input line 62.
(pdftex.def)             Requested size: 377.62642pt x 342.81328pt.


LaTeX Info: Redefining \. on input line 65.
LaTeX Info: Redefining \% on input line 65.
[56{/usr/local/texlive/2025/texmf-dist/fonts/enc/dvips/lm/lm-mathex.enc}]

LaTeX Info: Redefining \. on input line 83.
LaTeX Info: Redefining \% on input line 83.
[57 <./Ilustraciones/desarrollo/incremento2/diseño/builddiagram_it2_gmayor.jpg>]
<Ilustraciones/desarrollo/incremento2/diseño/arbol_it2_cmayor.jpg, id=1120, 1367.1075pt x 728.9634pt>
File: Ilustraciones/desarrollo/incremento2/diseño/arbol_it2_cmayor.jpg Graphic file (type jpg)
<use Ilustraciones/desarrollo/incremento2/diseño/arbol_it2_cmayor.jpg>
Package pdftex.def Info: Ilustraciones/desarrollo/incremento2/diseño/arbol_it2_cmayor.jpg  used on input line 112.
(pdftex.def)             Requested size: 472.03123pt x 251.69286pt.
<Ilustraciones/desarrollo/incremento2/diseño/arbol_it2_bmayor.jpg, id=1121, 1367.1075pt x 728.9634pt>
File: Ilustraciones/desarrollo/incremento2/diseño/arbol_it2_bmayor.jpg Graphic file (type jpg)
<use Ilustraciones/desarrollo/incremento2/diseño/arbol_it2_bmayor.jpg>
Package pdftex.def Info: Ilustraciones/desarrollo/incremento2/diseño/arbol_it2_bmayor.jpg  used on input line 119.
(pdftex.def)             Requested size: 472.03123pt x 251.69286pt.
) (./secciones/desarrollo/incremento2/desarrollo.tex

LaTeX Info: Redefining \. on input line 1.
LaTeX Info: Redefining \% on input line 1.
[58]

LaTeX Info: Redefining \. on input line 3.
LaTeX Info: Redefining \% on input line 3.
[59 <./Ilustraciones/desarrollo/incremento2/diseño/arbol_it2_cmayor.jpg> <./Ilustraciones/desarrollo/incremento2/diseño/arbol_it2_bmayor.jpg>]

LaTeX Info: Redefining \. on input line 37.
LaTeX Info: Redefining \% on input line 37.
[60]
<Ilustraciones/desarrollo/incremento2/desarrollo/modulos_it2.jpg, id=1139, 351.714pt x 283.5393pt>
File: Ilustraciones/desarrollo/incremento2/desarrollo/modulos_it2.jpg Graphic file (type jpg)
<use Ilustraciones/desarrollo/incremento2/desarrollo/modulos_it2.jpg>
Package pdftex.def Info: Ilustraciones/desarrollo/incremento2/desarrollo/modulos_it2.jpg  used on input line 40.
(pdftex.def)             Requested size: 236.01561pt x 190.26886pt.
Package hyperref Info: bookmark level for unknown algorithm defaults to 0 on input line 68.


LaTeX Info: Redefining \. on input line 79.
LaTeX Info: Redefining \% on input line 79.
[61 <./Ilustraciones/desarrollo/incremento2/desarrollo/modulos_it2.jpg>]
Underfull \hbox (badness 10000) in paragraph at lines 90--98
[]\OT1/lmr/bx/n/8 pro-ce-du-re \OT1/lmr/m/sc/8 Cal-cu-lar-Po-si-cio-ne-sA-cor-de\OT1/lmr/m/n/8 ($\OML/lmm/m/it/8 indiceCuerda;$ $combinaciones;$ $resultado;$ $dedos;$ $cejilla;$ $notasAlAire;$
 []


LaTeX Warning: Reference `fig:tests_it2' on page 62 undefined on input line 153.

<Ilustraciones/desarrollo/incremento2/desarrollo/test_it2.jpeg, id=1148, 1561.835pt x 1063.975pt>
File: Ilustraciones/desarrollo/incremento2/desarrollo/test_it2.jpeg Graphic file (type jpg)
<use Ilustraciones/desarrollo/incremento2/desarrollo/test_it2.jpeg>
Package pdftex.def Info: Ilustraciones/desarrollo/incremento2/desarrollo/test_it2.jpeg  used on input line 157.
(pdftex.def)             Requested size: 377.62642pt x 257.24246pt.


LaTeX Info: Redefining \. on input line 160.
LaTeX Info: Redefining \% on input line 160.
[62]
<Ilustraciones/desarrollo/incremento2/desarrollo/cmayor_it2.jpeg, id=1158, 3838.34pt x 2491.3075pt>
File: Ilustraciones/desarrollo/incremento2/desarrollo/cmayor_it2.jpeg Graphic file (type jpg)
<use Ilustraciones/desarrollo/incremento2/desarrollo/cmayor_it2.jpeg>
Package pdftex.def Info: Ilustraciones/desarrollo/incremento2/desarrollo/cmayor_it2.jpeg  used on input line 165.
(pdftex.def)             Requested size: 377.62642pt x 245.07782pt.
<Ilustraciones/desarrollo/incremento2/desarrollo/gmayor_it2.jpeg, id=1159, 3838.34pt x 2491.3075pt>
File: Ilustraciones/desarrollo/incremento2/desarrollo/gmayor_it2.jpeg Graphic file (type jpg)
<use Ilustraciones/desarrollo/incremento2/desarrollo/gmayor_it2.jpeg>
Package pdftex.def Info: Ilustraciones/desarrollo/incremento2/desarrollo/gmayor_it2.jpeg  used on input line 171.
(pdftex.def)             Requested size: 377.62642pt x 245.07782pt.
))

LaTeX Info: Redefining \. on input line 6.
LaTeX Info: Redefining \% on input line 6.
[63 <./Ilustraciones/desarrollo/incremento2/desarrollo/test_it2.jpeg> <./Ilustraciones/desarrollo/incremento2/desarrollo/cmayor_it2.jpeg>]) (./secciones/resultados/resultados.tex

LaTeX Info: Redefining \. on input line 1.
LaTeX Info: Redefining \% on input line 1.
[64 <./Ilustraciones/desarrollo/incremento2/desarrollo/gmayor_it2.jpeg>]
Cap\'{\i }tulo 7.
) (./secciones/manual/manual.tex

[65

]
Cap\'{\i }tulo 8.
) (./secciones/conclusiones/conclusiones.tex

[66

]
Cap\'{\i }tulo 9.
) (./main.bbl

[67

]

[68

]
Underfull \hbox (badness 10000) in paragraph at lines 111--112
[]\OT1/lmr/m/n/12 Vitest. (2025) Vi-test li-cen-se. []$https : / / github . com / vitest-[]dev / vitest / blob / main /
 []



LaTeX Info: Redefining \. on input line 154.
LaTeX Info: Redefining \% on input line 154.
[69]

LaTeX Info: Redefining \. on input line 244.
LaTeX Info: Redefining \% on input line 244.
[70])

LaTeX Info: Redefining \. on input line 133.
LaTeX Info: Redefining \% on input line 133.
[71] (./main.gls
Overfull \hbox (1.64679pt too wide) in paragraph at lines 13--13
[]\OT1/lmr/m/n/12 Notaci^^Son mu-si-cal pa-ra la re-pre-sen-ta-ci^^Son de acor-des so-bre tex-to acom-
 []


Package glossaries Warning: Glossary entry `modalidad' has not been defined on input line 22.


Package glossaries Warning: Glossary entry `modalidad' has not been defined on input line 22.


Package glossaries Warning: Glossary entry `modalidad' has not been defined on input line 22.



[72



]
Overfull \hbox (8.50507pt too wide) in paragraph at lines 45--47
[]\OT1/lmr/m/n/12 Peque~no ins-tru-men-to de cin-co cuer-das uti-li-za-do prin-ci-pal-men-te pa-ra el acom-pa~namien-
 []

)

LaTeX Info: Redefining \. on input line 135.
LaTeX Info: Redefining \% on input line 135.
[73] (./main.aux
LaTeX Info: Redefining \. on input line 18.
LaTeX Info: Redefining \% on input line 18.
)
 ***********
LaTeX2e <2024-11-01> patch level 2
L3 programming layer <2025-01-18>
 ***********


LaTeX Warning: There were undefined references.

Package rerunfilecheck Info: File `main.out' has not changed.
(rerunfilecheck)             Checksum: 98647F2E5FAEB3F2E74FE91FBDDF03AE;9483.
 ) 
Here is how much of TeX's memory you used:
 28391 strings out of 473190
 538852 string characters out of 5715799
 1221283 words of memory out of 5000000
 50729 multiletter control sequences out of 15000+600000
 644434 words of font info for 87 fonts, out of 8000000 for 9000
 1141 hyphenation exceptions out of 8191
 125i,13n,121p,2421b,840s stack positions out of 10000i,1000n,20000p,200000b,200000s

pdfTeX warning (dest): name{page.iii} has been referenced but does not exist, replaced by a fixed one


pdfTeX warning (dest): name{page.ii} has been referenced but does not exist, replaced by a fixed one


pdfTeX warning (dest): name{glo:cualidad} has been referenced but does not exist, replaced by a fixed one

</usr/local/texlive/2025/texmf-dist/fonts/type1/public/lm/lmbx10.pfb></usr/local/texlive/2025/texmf-dist/fonts/type1/public/lm/lmbx12.pfb></usr/local/texlive/2025/texmf-dist/fonts/type1/public/lm/lmbx6.pfb></usr/local/texlive/2025/texmf-dist/fonts/type1/public/lm/lmbx8.pfb></usr/local/texlive/2025/texmf-dist/fonts/type1/public/lm/lmbxi10.pfb></usr/local/texlive/2025/texmf-dist/fonts/type1/public/lm/lmcsc10.pfb></usr/local/texlive/2025/texmf-dist/fonts/type1/public/lm/lmex10.pfb></usr/local/texlive/2025/texmf-dist/fonts/type1/public/lm/lmmi12.pfb></usr/local/texlive/2025/texmf-dist/fonts/type1/public/lm/lmmi8.pfb></usr/local/texlive/2025/texmf-dist/fonts/type1/public/lm/lmr10.pfb></usr/local/texlive/2025/texmf-dist/fonts/type1/public/lm/lmr12.pfb></usr/local/texlive/2025/texmf-dist/fonts/type1/public/lm/lmr6.pfb></usr/local/texlive/2025/texmf-dist/fonts/type1/public/lm/lmr8.pfb></usr/local/texlive/2025/texmf-dist/fonts/type1/public/lm/lmri10.pfb></usr/local/texlive/2025/texmf-dist/fonts/type1/public/lm/lmri12.pfb></usr/local/texlive/2025/texmf-dist/fonts/type1/public/lm/lmri8.pfb></usr/local/texlive/2025/texmf-dist/fonts/type1/public/lm/lmro12.pfb></usr/local/texlive/2025/texmf-dist/fonts/type1/public/lm/lmsy10.pfb></usr/local/texlive/2025/texmf-dist/fonts/type1/public/lm/lmsy6.pfb></usr/local/texlive/2025/texmf-dist/fonts/type1/public/lm/lmsy8.pfb></usr/local/texlive/2025/texmf-dist/fonts/type1/public/lm/lmtt8.pfb></usr/local/texlive/2025/texmf-dist/fonts/type1/urw/zapfding/uzdr.pfb>
Output written on main.pdf (86 pages, 29336295 bytes).
PDF statistics:
 1500 PDF objects out of 1728 (max. 8388607)
 1259 compressed objects within 13 object streams
 322 named destinations out of 1000 (max. 500000)
 801 words of extra memory for PDF output out of 10000 (max. 10000000)

